#
# There is insufficient memory for the Java Runtime Environment to continue.
# Native memory allocation (malloc) failed to allocate 1757936 bytes for Chunk::new
# Possible reasons:
#   The system is out of physical RAM or swap space
#   The process is running with CompressedOops enabled, and the Java Heap may be blocking the growth of the native heap
# Possible solutions:
#   Reduce memory load on the system
#   Increase physical memory or swap space
#   Check if swap backing store is full
#   Decrease Java heap size (-Xmx/-Xms)
#   Decrease number of Java threads
#   Decrease Java thread stack sizes (-Xss)
#   Set larger code cache with -XX:ReservedCodeCacheSize=
#   JVM is running with Unscaled Compressed Oops mode in which the Java heap is
#     placed in the first 4GB address space. The Java Heap base address is the
#     maximum limit for the native heap growth. Please use -XX:HeapBaseMinAddress
#     to set the Java Heap base and to place the Java Heap above 4GB virtual address.
# This output file may be truncated or incomplete.
#
#  Out of Memory Error (./src/hotspot/share/memory/arena.cpp:197), pid=8536, tid=2412
#
# JRE version: OpenJDK Runtime Environment (11.0.12+7) (build 11.0.12+7-b1504.28-7817840)
# Java VM: OpenJDK 64-Bit Server VM (11.0.12+7-b1504.28-7817840, mixed mode, tiered, compressed oops, g1 gc, windows-amd64)
# No core dump will be written. Minidumps are not enabled by default on client versions of Windows
#

---------------  S U M M A R Y ------------

Command Line: --add-opens=java.base/java.util=ALL-UNNAMED --add-opens=java.base/java.lang=ALL-UNNAMED --add-opens=java.base/java.lang.invoke=ALL-UNNAMED --add-opens=java.base/java.util=ALL-UNNAMED --add-opens=java.prefs/java.util.prefs=ALL-UNNAMED --add-opens=java.prefs/java.util.prefs=ALL-UNNAMED --add-opens=java.base/java.nio.charset=ALL-UNNAMED --add-opens=java.base/java.net=ALL-UNNAMED --add-opens=java.base/java.util.concurrent.atomic=ALL-UNNAMED -Xmx2048m -Dfile.encoding=UTF-8 -Duser.country=IN -Duser.language=en -Duser.variant org.gradle.launcher.daemon.bootstrap.GradleDaemon 7.3.3

Host: AMD E1-1200 APU with Radeon(tm) HD Graphics, 2 cores, 3G,  Windows 10 , 64 bit Build 19041 (10.0.19041.1889)
Time: Sun Aug 28 17:40:34 2022 India Standard Time elapsed time: 11627.855437 seconds (0d 3h 13m 47s)

---------------  T H R E A D  ---------------

Current thread (0x000001d3b7111000):  JavaThread "C2 CompilerThread0" daemon [_thread_in_native, id=2412, stack(0x0000001af6000000,0x0000001af6100000)]


Current CompileTask:
C2:11627856 28033 %     4       com.android.tools.r8.ir.regalloc.b::a @ 685 (1832 bytes)

Stack: [0x0000001af6000000,0x0000001af6100000]
Native frames: (J=compiled Java code, j=interpreted, Vv=VM code, C=native code)
V  [jvm.dll+0x5fbcea]
V  [jvm.dll+0x731905]
V  [jvm.dll+0x732f1d]
V  [jvm.dll+0x7335d3]
V  [jvm.dll+0x247bf8]
V  [jvm.dll+0xc018c]
V  [jvm.dll+0xc06cc]
V  [jvm.dll+0x2bcc04]
V  [jvm.dll+0x5113a8]
V  [jvm.dll+0x208303]
V  [jvm.dll+0x201fe0]
V  [jvm.dll+0x1ff71f]
V  [jvm.dll+0x18868c]
V  [jvm.dll+0x20e0d7]
V  [jvm.dll+0x20c901]
V  [jvm.dll+0x6f9b7f]
V  [jvm.dll+0x6f26a5]
V  [jvm.dll+0x5fabf6]
C  [ucrtbase.dll+0x21bb2]
C  [KERNEL32.DLL+0x17034]
C  [ntdll.dll+0x52651]


---------------  P R O C E S S  ---------------

Threads class SMR info:
_java_thread_list=0x000001d3c24359a0, length=70, elements={
0x000001d39d1cc000, 0x000001d3b70ae000, 0x000001d3b70af000, 0x000001d3b710b800,
0x000001d3b710c800, 0x000001d3b710e000, 0x000001d3b7111000, 0x000001d3b7115000,
0x000001d3b714d800, 0x000001d3b738f800, 0x000001d3b89d0800, 0x000001d3b7f77000,
0x000001d3b94e8800, 0x000001d3b8cf3800, 0x000001d3b8cf2800, 0x000001d3b8cf0800,
0x000001d3b8cf2000, 0x000001d3b8cf4800, 0x000001d3b8cf1000, 0x000001d3b8cf5000,
0x000001d3b954c000, 0x000001d3b954a000, 0x000001d3ba0f3800, 0x000001d3b8cf7000,
0x000001d3bdce5000, 0x000001d3bdce7800, 0x000001d3bdcdc000, 0x000001d3bdcde000,
0x000001d3bdcde800, 0x000001d3bdcdd000, 0x000001d3bdcd9000, 0x000001d3bdcdf800,
0x000001d3bdcda800, 0x000001d3bdce1000, 0x000001d3bdcdb800, 0x000001d3bdce4800,
0x000001d3bdce2000, 0x000001d3bdce6000, 0x000001d3bdce6800, 0x000001d3bdce2800,
0x000001d3bdce3800, 0x000001d3ba0ea800, 0x000001d3ba0eb000, 0x000001d3ba0f1000,
0x000001d3ba0ef000, 0x000001d3ba0f1800, 0x000001d3ba0f0000, 0x000001d3ba0ec000,
0x000001d3ba0ed800, 0x000001d3ba0f2800, 0x000001d3ba0ee800, 0x000001d3ba0ec800,
0x000001d3ba0f9000, 0x000001d3ba0f4000, 0x000001d3ba0f5000, 0x000001d3ba0f5800,
0x000001d3ba0f6800, 0x000001d3ba0f8000, 0x000001d3ba0f7800, 0x000001d3b954d800,
0x000001d3b954c800, 0x000001d3b9548800, 0x000001d3b954b000, 0x000001d3b954f000,
0x000001d3b9549800, 0x000001d3b9554000, 0x000001d3b9555000, 0x000001d3b9555800,
0x000001d3b9550000, 0x000001d3b9551800
}

Java Threads: ( => current thread )
  0x000001d39d1cc000 JavaThread "main" [_thread_blocked, id=9192, stack(0x0000001af5400000,0x0000001af5500000)]
  0x000001d3b70ae000 JavaThread "Reference Handler" daemon [_thread_blocked, id=8268, stack(0x0000001af5b00000,0x0000001af5c00000)]
  0x000001d3b70af000 JavaThread "Finalizer" daemon [_thread_blocked, id=1872, stack(0x0000001af5c00000,0x0000001af5d00000)]
  0x000001d3b710b800 JavaThread "Signal Dispatcher" daemon [_thread_blocked, id=4852, stack(0x0000001af5d00000,0x0000001af5e00000)]
  0x000001d3b710c800 JavaThread "Attach Listener" daemon [_thread_blocked, id=7444, stack(0x0000001af5e00000,0x0000001af5f00000)]
  0x000001d3b710e000 JavaThread "Service Thread" daemon [_thread_blocked, id=5064, stack(0x0000001af5f00000,0x0000001af6000000)]
=>0x000001d3b7111000 JavaThread "C2 CompilerThread0" daemon [_thread_in_native, id=2412, stack(0x0000001af6000000,0x0000001af6100000)]
  0x000001d3b7115000 JavaThread "C1 CompilerThread0" daemon [_thread_blocked, id=6780, stack(0x0000001af6100000,0x0000001af6200000)]
  0x000001d3b714d800 JavaThread "Sweeper thread" daemon [_thread_blocked, id=9544, stack(0x0000001af6200000,0x0000001af6300000)]
  0x000001d3b738f800 JavaThread "Common-Cleaner" daemon [_thread_blocked, id=9540, stack(0x0000001af6300000,0x0000001af6400000)]
  0x000001d3b89d0800 JavaThread "Daemon health stats" [_thread_blocked, id=3884, stack(0x0000001af6600000,0x0000001af6700000)]
  0x000001d3b7f77000 JavaThread "Incoming local TCP Connector on port 54136" [_thread_in_native, id=9960, stack(0x0000001af6700000,0x0000001af6800000)]
  0x000001d3b94e8800 JavaThread "Daemon periodic checks" [_thread_blocked, id=8848, stack(0x0000001af6800000,0x0000001af6900000)]
  0x000001d3b8cf3800 JavaThread "Cache worker for journal cache (C:\Users\mohit\.gradle\caches\journal-1)" [_thread_blocked, id=3432, stack(0x0000001af7000000,0x0000001af7100000)]
  0x000001d3b8cf2800 JavaThread "File lock request listener" [_thread_in_native, id=7468, stack(0x0000001af7100000,0x0000001af7200000)]
  0x000001d3b8cf0800 JavaThread "Cache worker for file hash cache (C:\Users\mohit\.gradle\caches\7.3.3\fileHashes)" [_thread_blocked, id=3496, stack(0x0000001af7200000,0x0000001af7300000)]
  0x000001d3b8cf2000 JavaThread "File watcher server" daemon [_thread_in_native, id=3556, stack(0x0000001af7400000,0x0000001af7500000)]
  0x000001d3b8cf4800 JavaThread "File watcher consumer" daemon [_thread_blocked, id=8768, stack(0x0000001af7500000,0x0000001af7600000)]
  0x000001d3b8cf1000 JavaThread "jar transforms" [_thread_blocked, id=9708, stack(0x0000001af7600000,0x0000001af7700000)]
  0x000001d3b8cf5000 JavaThread "jar transforms Thread 2" [_thread_blocked, id=5716, stack(0x0000001af7700000,0x0000001af7800000)]
  0x000001d3b954c000 JavaThread "Cache worker for execution history cache (C:\Users\mohit\.gradle\caches\7.3.3\executionHistory)" [_thread_blocked, id=4504, stack(0x0000001af7b00000,0x0000001af7c00000)]
  0x000001d3b954a000 JavaThread "Cache worker for file content cache (C:\Users\mohit\.gradle\caches\7.3.3\fileContent)" [_thread_blocked, id=2912, stack(0x0000001af7c00000,0x0000001af7d00000)]
  0x000001d3ba0f3800 JavaThread "Memory manager" [_thread_blocked, id=6416, stack(0x0000001af6e00000,0x0000001af6f00000)]
  0x000001d3b8cf7000 JavaThread "pool-4-thread-1" [_thread_blocked, id=7744, stack(0x0000001af9200000,0x0000001af9300000)]
  0x000001d3bdce5000 JavaThread "pool-8-thread-1" [_thread_blocked, id=1536, stack(0x0000001af9300000,0x0000001af9400000)]
  0x000001d3bdce7800 JavaThread "pool-12-thread-1" [_thread_blocked, id=10008, stack(0x0000001af9400000,0x0000001af9500000)]
  0x000001d3bdcdc000 JavaThread "pool-15-thread-1" [_thread_blocked, id=6280, stack(0x0000001af9600000,0x0000001af9700000)]
  0x000001d3bdcde000 JavaThread "Daemon Thread 7" [_thread_blocked, id=6968, stack(0x0000001af5200000,0x0000001af5300000)]
  0x000001d3bdcde800 JavaThread "Handler for socket connection from /127.0.0.1:54136 to /127.0.0.1:49165" [_thread_in_native, id=6140, stack(0x0000001af5300000,0x0000001af5400000)]
  0x000001d3bdcdd000 JavaThread "Cancel handler" [_thread_blocked, id=8796, stack(0x0000001af6900000,0x0000001af6a00000)]
  0x000001d3bdcd9000 JavaThread "Daemon worker Thread 7" [_thread_blocked, id=6472, stack(0x0000001af6a00000,0x0000001af6b00000)]
  0x000001d3bdcdf800 JavaThread "Asynchronous log dispatcher for DefaultDaemonConnection: socket connection from /127.0.0.1:54136 to /127.0.0.1:49165" [_thread_blocked, id=11056, stack(0x0000001af6b00000,0x0000001af6c00000)]
  0x000001d3bdcda800 JavaThread "Daemon client event forwarder" [_thread_blocked, id=4092, stack(0x0000001af6d00000,0x0000001af6e00000)]
  0x000001d3bdce1000 JavaThread "Cache worker for file hash cache (E:\Android Studio Projects\Tutorial 3 APIs\#03_Login and Registration project\MyUser\.gradle\7.3.3\fileHashes)" [_thread_blocked, id=10360, stack(0x0000001af6f00000,0x0000001af7000000)]
  0x000001d3bdcdb800 JavaThread "Cache worker for checksums cache (E:\Android Studio Projects\Tutorial 3 APIs\#03_Login and Registration project\MyUser\.gradle\7.3.3\checksums)" [_thread_blocked, id=11044, stack(0x0000001af7300000,0x0000001af7400000)]
  0x000001d3bdce4800 JavaThread "Cache worker for cache directory md-supplier (C:\Users\mohit\.gradle\caches\7.3.3\md-supplier)" [_thread_blocked, id=11188, stack(0x0000001af7800000,0x0000001af7900000)]
  0x000001d3bdce2000 JavaThread "Cache worker for cache directory md-rule (C:\Users\mohit\.gradle\caches\7.3.3\md-rule)" [_thread_blocked, id=7368, stack(0x0000001af7900000,0x0000001af7a00000)]
  0x000001d3bdce6000 JavaThread "Cache worker for dependencies-accessors (E:\Android Studio Projects\Tutorial 3 APIs\#03_Login and Registration project\MyUser\.gradle\7.3.3\dependencies-accessors)" [_thread_blocked, id=10368, stack(0x0000001af7a00000,0x0000001af7b00000)]
  0x000001d3bdce6800 JavaThread "Cache worker for Build Output Cleanup Cache (E:\Android Studio Projects\Tutorial 3 APIs\#03_Login and Registration project\MyUser\.gradle\buildOutputCleanup)" [_thread_blocked, id=6008, stack(0x0000001af7d00000,0x0000001af7e00000)]
  0x000001d3bdce2800 JavaThread "Unconstrained build operations" [_thread_blocked, id=7844, stack(0x0000001af7e00000,0x0000001af7f00000)]
  0x000001d3bdce3800 JavaThread "Unconstrained build operations Thread 2" [_thread_blocked, id=11120, stack(0x0000001af7f00000,0x0000001af8000000)]
  0x000001d3ba0ea800 JavaThread "Unconstrained build operations Thread 3" [_thread_blocked, id=6872, stack(0x0000001af8000000,0x0000001af8100000)]
  0x000001d3ba0eb000 JavaThread "Unconstrained build operations Thread 4" [_thread_blocked, id=10800, stack(0x0000001af8100000,0x0000001af8200000)]
  0x000001d3ba0f1000 JavaThread "Unconstrained build operations Thread 5" [_thread_blocked, id=10276, stack(0x0000001af8200000,0x0000001af8300000)]
  0x000001d3ba0ef000 JavaThread "Unconstrained build operations Thread 6" [_thread_blocked, id=6844, stack(0x0000001af8300000,0x0000001af8400000)]
  0x000001d3ba0f1800 JavaThread "Unconstrained build operations Thread 7" [_thread_blocked, id=7696, stack(0x0000001af8400000,0x0000001af8500000)]
  0x000001d3ba0f0000 JavaThread "Unconstrained build operations Thread 8" [_thread_blocked, id=5972, stack(0x0000001af8500000,0x0000001af8600000)]
  0x000001d3ba0ec000 JavaThread "Unconstrained build operations Thread 9" [_thread_in_native, id=10932, stack(0x0000001af8600000,0x0000001af8700000)]
  0x000001d3ba0ed800 JavaThread "Unconstrained build operations Thread 10" [_thread_blocked, id=4420, stack(0x0000001af8700000,0x0000001af8800000)]
  0x000001d3ba0f2800 JavaThread "Unconstrained build operations Thread 11" [_thread_blocked, id=7772, stack(0x0000001af8800000,0x0000001af8900000)]
  0x000001d3ba0ee800 JavaThread "Unconstrained build operations Thread 12" [_thread_in_Java, id=11060, stack(0x0000001af8900000,0x0000001af8a00000)]
  0x000001d3ba0ec800 JavaThread "Unconstrained build operations Thread 13" [_thread_blocked, id=11196, stack(0x0000001af8a00000,0x0000001af8b00000)]
  0x000001d3ba0f9000 JavaThread "Unconstrained build operations Thread 14" [_thread_blocked, id=10532, stack(0x0000001af8b00000,0x0000001af8c00000)]
  0x000001d3ba0f4000 JavaThread "Unconstrained build operations Thread 15" [_thread_blocked, id=5092, stack(0x0000001af8c00000,0x0000001af8d00000)]
  0x000001d3ba0f5000 JavaThread "Unconstrained build operations Thread 16" [_thread_blocked, id=8748, stack(0x0000001af8d00000,0x0000001af8e00000)]
  0x000001d3ba0f5800 JavaThread "Unconstrained build operations Thread 17" [_thread_blocked, id=6460, stack(0x0000001af8e00000,0x0000001af8f00000)]
  0x000001d3ba0f6800 JavaThread "Unconstrained build operations Thread 18" [_thread_blocked, id=8024, stack(0x0000001af8f00000,0x0000001af9000000)]
  0x000001d3ba0f8000 JavaThread "Unconstrained build operations Thread 19" [_thread_blocked, id=1300, stack(0x0000001af9000000,0x0000001af9100000)]
  0x000001d3ba0f7800 JavaThread "Unconstrained build operations Thread 20" [_thread_blocked, id=4020, stack(0x0000001af9100000,0x0000001af9200000)]
  0x000001d3b954d800 JavaThread "build event listener" [_thread_blocked, id=2008, stack(0x0000001af9500000,0x0000001af9600000)]
  0x000001d3b954c800 JavaThread "pool-18-thread-1" [_thread_blocked, id=9588, stack(0x0000001af9700000,0x0000001af9800000)]
  0x000001d3b9548800 JavaThread "build event listener" [_thread_blocked, id=6224, stack(0x0000001af9800000,0x0000001af9900000)]
  0x000001d3b954b000 JavaThread "Execution worker for ':'" [_thread_blocked, id=2796, stack(0x0000001af9900000,0x0000001af9a00000)]
  0x000001d3b954f000 JavaThread "Cache worker for execution history cache (E:\Android Studio Projects\Tutorial 3 APIs\#03_Login and Registration project\MyUser\.gradle\7.3.3\executionHistory)" [_thread_blocked, id=2428, stack(0x0000001af9a00000,0x0000001af9b00000)]
  0x000001d3b9549800 JavaThread "WorkerExecutor Queue" [_thread_blocked, id=1484, stack(0x0000001af9b00000,0x0000001af9c00000)]
  0x000001d3b9554000 JavaThread "WorkerExecutor Queue Thread 2" [_thread_blocked, id=11084, stack(0x0000001af9c00000,0x0000001af9d00000)]
  0x000001d3b9555000 JavaThread "Java2D Disposer" daemon [_thread_blocked, id=4580, stack(0x0000001af9f00000,0x0000001afa000000)]
  0x000001d3b9555800 JavaThread "pool-19-thread-1" [_thread_blocked, id=5424, stack(0x0000001af6c00000,0x0000001af6d00000)]
  0x000001d3b9550000 JavaThread "stderr" [_thread_in_native, id=10316, stack(0x0000001af9d00000,0x0000001af9e00000)]
  0x000001d3b9551800 JavaThread "stdout" [_thread_in_native, id=10564, stack(0x0000001af9e00000,0x0000001af9f00000)]

Other Threads:
  0x000001d3b70aa000 VMThread "VM Thread" [stack: 0x0000001af5a00000,0x0000001af5b00000] [id=7140]
  0x000001d3b73b5000 WatcherThread [stack: 0x0000001af6400000,0x0000001af6500000] [id=248]
  0x000001d39d1e3000 GCTaskThread "GC Thread#0" [stack: 0x0000001af5500000,0x0000001af5600000] [id=1772]
  0x000001d3b745b800 GCTaskThread "GC Thread#1" [stack: 0x0000001af6500000,0x0000001af6600000] [id=5840]
  0x000001d39d215800 ConcurrentGCThread "G1 Main Marker" [stack: 0x0000001af5600000,0x0000001af5700000] [id=10232]
  0x000001d39d217800 ConcurrentGCThread "G1 Conc#0" [stack: 0x0000001af5700000,0x0000001af5800000] [id=4284]
  0x000001d39d254000 ConcurrentGCThread "G1 Refine#0" [stack: 0x0000001af5800000,0x0000001af5900000] [id=1048]
  0x000001d39d255000 ConcurrentGCThread "G1 Young RemSet Sampling" [stack: 0x0000001af5900000,0x0000001af5a00000] [id=7960]

Threads with active compile tasks:
C2 CompilerThread011627990 28033 %     4       com.android.tools.r8.ir.regalloc.b::a @ 685 (1832 bytes)

VM state:not at safepoint (normal execution)

VM Mutex/Monitor currently owned by a thread: None

Heap address: 0x0000000080000000, size: 2048 MB, Compressed Oops mode: 32-bit
Narrow klass base: 0x0000000000000000, Narrow klass shift: 3
Compressed class space size: 1073741824 Address: 0x0000000100000000

Heap:
 garbage-first heap   total 270336K, used 180239K [0x0000000080000000, 0x0000000100000000)
  region size 1024K, 27 young (27648K), 1 survivors (1024K)
 Metaspace       used 152517K, capacity 156780K, committed 156928K, reserved 1185792K
  class space    used 18399K, capacity 19917K, committed 19968K, reserved 1048576K
Heap Regions: E=young(eden), S=young(survivor), O=old, HS=humongous(starts), HC=humongous(continues), CS=collection set, F=free, A=archive, TAMS=top-at-mark-start (previous, next)
|   0|0x0000000080000000, 0x0000000080100000, 0x0000000080100000|100%| O|  |TAMS 0x0000000080100000, 0x0000000080000000| Untracked 
|   1|0x0000000080100000, 0x0000000080200000, 0x0000000080200000|100%| O|  |TAMS 0x0000000080200000, 0x0000000080100000| Untracked 
|   2|0x0000000080200000, 0x0000000080300000, 0x0000000080300000|100%| O|  |TAMS 0x0000000080300000, 0x0000000080200000| Untracked 
|   3|0x0000000080300000, 0x0000000080400000, 0x0000000080400000|100%| O|  |TAMS 0x0000000080400000, 0x0000000080300000| Untracked 
|   4|0x0000000080400000, 0x0000000080500000, 0x0000000080500000|100%|HS|  |TAMS 0x0000000080500000, 0x0000000080400000| Complete 
|   5|0x0000000080500000, 0x0000000080600000, 0x0000000080600000|100%|HC|  |TAMS 0x0000000080600000, 0x0000000080500000| Complete 
|   6|0x0000000080600000, 0x0000000080700000, 0x0000000080700000|100%|HC|  |TAMS 0x0000000080700000, 0x0000000080600000| Complete 
|   7|0x0000000080700000, 0x0000000080800000, 0x0000000080800000|100%| O|  |TAMS 0x0000000080800000, 0x0000000080700000| Untracked 
|   8|0x0000000080800000, 0x0000000080900000, 0x0000000080900000|100%| O|  |TAMS 0x0000000080900000, 0x0000000080800000| Untracked 
|   9|0x0000000080900000, 0x0000000080a00000, 0x0000000080a00000|100%| O|  |TAMS 0x0000000080a00000, 0x0000000080900000| Untracked 
|  10|0x0000000080a00000, 0x0000000080b00000, 0x0000000080b00000|100%| O|  |TAMS 0x0000000080b00000, 0x0000000080a00000| Untracked 
|  11|0x0000000080b00000, 0x0000000080c00000, 0x0000000080c00000|100%| O|  |TAMS 0x0000000080c00000, 0x0000000080b00000| Untracked 
|  12|0x0000000080c00000, 0x0000000080d00000, 0x0000000080d00000|100%| O|  |TAMS 0x0000000080d00000, 0x0000000080c00000| Untracked 
|  13|0x0000000080d00000, 0x0000000080e00000, 0x0000000080e00000|100%| O|  |TAMS 0x0000000080e00000, 0x0000000080d00000| Untracked 
|  14|0x0000000080e00000, 0x0000000080f00000, 0x0000000080f00000|100%| O|  |TAMS 0x0000000080f00000, 0x0000000080e00000| Untracked 
|  15|0x0000000080f00000, 0x0000000081000000, 0x0000000081000000|100%| O|  |TAMS 0x0000000081000000, 0x0000000080f00000| Untracked 
|  16|0x0000000081000000, 0x0000000081100000, 0x0000000081100000|100%| O|  |TAMS 0x0000000081100000, 0x0000000081000000| Untracked 
|  17|0x0000000081100000, 0x0000000081200000, 0x0000000081200000|100%|HS|  |TAMS 0x0000000081200000, 0x0000000081100000| Complete 
|  18|0x0000000081200000, 0x0000000081300000, 0x0000000081300000|100%|HC|  |TAMS 0x0000000081300000, 0x0000000081200000| Complete 
|  19|0x0000000081300000, 0x0000000081400000, 0x0000000081400000|100%|HS|  |TAMS 0x0000000081400000, 0x0000000081300000| Complete 
|  20|0x0000000081400000, 0x0000000081500000, 0x0000000081500000|100%|HC|  |TAMS 0x0000000081500000, 0x0000000081400000| Complete 
|  21|0x0000000081500000, 0x0000000081600000, 0x0000000081600000|100%|HC|  |TAMS 0x0000000081600000, 0x0000000081500000| Complete 
|  22|0x0000000081600000, 0x0000000081700000, 0x0000000081700000|100%|HS|  |TAMS 0x0000000081700000, 0x0000000081600000| Complete 
|  23|0x0000000081700000, 0x0000000081800000, 0x0000000081800000|100%| O|  |TAMS 0x0000000081800000, 0x0000000081700000| Untracked 
|  24|0x0000000081800000, 0x0000000081900000, 0x0000000081900000|100%| O|  |TAMS 0x0000000081900000, 0x0000000081800000| Untracked 
|  25|0x0000000081900000, 0x0000000081a00000, 0x0000000081a00000|100%| O|  |TAMS 0x0000000081a00000, 0x0000000081900000| Untracked 
|  26|0x0000000081a00000, 0x0000000081b00000, 0x0000000081b00000|100%| O|  |TAMS 0x0000000081b00000, 0x0000000081a00000| Untracked 
|  27|0x0000000081b00000, 0x0000000081c00000, 0x0000000081c00000|100%| O|  |TAMS 0x0000000081c00000, 0x0000000081b00000| Untracked 
|  28|0x0000000081c00000, 0x0000000081d00000, 0x0000000081d00000|100%|HS|  |TAMS 0x0000000081d00000, 0x0000000081c00000| Complete 
|  29|0x0000000081d00000, 0x0000000081e00000, 0x0000000081e00000|100%|HC|  |TAMS 0x0000000081e00000, 0x0000000081d00000| Complete 
|  30|0x0000000081e00000, 0x0000000081f00000, 0x0000000081f00000|100%|HC|  |TAMS 0x0000000081f00000, 0x0000000081e00000| Complete 
|  31|0x0000000081f00000, 0x0000000082000000, 0x0000000082000000|100%|HC|  |TAMS 0x0000000082000000, 0x0000000081f00000| Complete 
|  32|0x0000000082000000, 0x0000000082100000, 0x0000000082100000|100%| O|  |TAMS 0x0000000082100000, 0x0000000082000000| Untracked 
|  33|0x0000000082100000, 0x0000000082200000, 0x0000000082200000|100%| O|  |TAMS 0x0000000082200000, 0x0000000082100000| Untracked 
|  34|0x0000000082200000, 0x0000000082300000, 0x0000000082300000|100%| O|  |TAMS 0x0000000082300000, 0x0000000082200000| Untracked 
|  35|0x0000000082300000, 0x0000000082400000, 0x0000000082400000|100%| O|  |TAMS 0x0000000082400000, 0x0000000082300000| Untracked 
|  36|0x0000000082400000, 0x0000000082500000, 0x0000000082500000|100%| O|  |TAMS 0x0000000082500000, 0x0000000082400000| Untracked 
|  37|0x0000000082500000, 0x0000000082600000, 0x0000000082600000|100%| O|  |TAMS 0x0000000082600000, 0x0000000082500000| Untracked 
|  38|0x0000000082600000, 0x0000000082700000, 0x0000000082700000|100%| O|  |TAMS 0x0000000082700000, 0x0000000082600000| Untracked 
|  39|0x0000000082700000, 0x0000000082800000, 0x0000000082800000|100%| O|  |TAMS 0x0000000082800000, 0x0000000082700000| Untracked 
|  40|0x0000000082800000, 0x0000000082900000, 0x0000000082900000|100%| O|  |TAMS 0x0000000082900000, 0x0000000082800000| Untracked 
|  41|0x0000000082900000, 0x0000000082a00000, 0x0000000082a00000|100%| O|  |TAMS 0x0000000082a00000, 0x0000000082900000| Untracked 
|  42|0x0000000082a00000, 0x0000000082b00000, 0x0000000082b00000|100%|HS|  |TAMS 0x0000000082b00000, 0x0000000082a00000| Complete 
|  43|0x0000000082b00000, 0x0000000082c00000, 0x0000000082c00000|100%|HS|  |TAMS 0x0000000082c00000, 0x0000000082b00000| Complete 
|  44|0x0000000082c00000, 0x0000000082d00000, 0x0000000082d00000|100%|HC|  |TAMS 0x0000000082d00000, 0x0000000082c00000| Complete 
|  45|0x0000000082d00000, 0x0000000082e00000, 0x0000000082e00000|100%|HC|  |TAMS 0x0000000082e00000, 0x0000000082d00000| Complete 
|  46|0x0000000082e00000, 0x0000000082f00000, 0x0000000082f00000|100%| O|  |TAMS 0x0000000082f00000, 0x0000000082e00000| Untracked 
|  47|0x0000000082f00000, 0x0000000083000000, 0x0000000083000000|100%| O|  |TAMS 0x0000000083000000, 0x0000000082f00000| Untracked 
|  48|0x0000000083000000, 0x0000000083100000, 0x0000000083100000|100%| O|  |TAMS 0x0000000083100000, 0x0000000083000000| Untracked 
|  49|0x0000000083100000, 0x0000000083200000, 0x0000000083200000|100%| O|  |TAMS 0x0000000083200000, 0x0000000083100000| Untracked 
|  50|0x0000000083200000, 0x0000000083300000, 0x0000000083300000|100%| O|  |TAMS 0x0000000083300000, 0x0000000083200000| Untracked 
|  51|0x0000000083300000, 0x0000000083400000, 0x0000000083400000|100%|HS|  |TAMS 0x0000000083400000, 0x0000000083300000| Complete 
|  52|0x0000000083400000, 0x0000000083500000, 0x0000000083500000|100%|HC|  |TAMS 0x0000000083500000, 0x0000000083400000| Complete 
|  53|0x0000000083500000, 0x0000000083600000, 0x0000000083600000|100%|HC|  |TAMS 0x0000000083600000, 0x0000000083500000| Complete 
|  54|0x0000000083600000, 0x0000000083700000, 0x0000000083700000|100%|HC|  |TAMS 0x0000000083700000, 0x0000000083600000| Complete 
|  55|0x0000000083700000, 0x0000000083800000, 0x0000000083800000|100%| O|  |TAMS 0x0000000083800000, 0x0000000083700000| Untracked 
|  56|0x0000000083800000, 0x0000000083900000, 0x0000000083900000|100%| O|  |TAMS 0x0000000083900000, 0x0000000083800000| Untracked 
|  57|0x0000000083900000, 0x0000000083a00000, 0x0000000083a00000|100%| O|  |TAMS 0x0000000083a00000, 0x0000000083900000| Untracked 
|  58|0x0000000083a00000, 0x0000000083b00000, 0x0000000083b00000|100%|HS|  |TAMS 0x0000000083b00000, 0x0000000083a00000| Complete 
|  59|0x0000000083b00000, 0x0000000083c00000, 0x0000000083c00000|100%| O|  |TAMS 0x0000000083c00000, 0x0000000083b00000| Untracked 
|  60|0x0000000083c00000, 0x0000000083d00000, 0x0000000083d00000|100%|HS|  |TAMS 0x0000000083d00000, 0x0000000083c00000| Complete 
|  61|0x0000000083d00000, 0x0000000083e00000, 0x0000000083e00000|100%| O|  |TAMS 0x0000000083e00000, 0x0000000083d00000| Untracked 
|  62|0x0000000083e00000, 0x0000000083f00000, 0x0000000083f00000|100%| O|  |TAMS 0x0000000083f00000, 0x0000000083e00000| Untracked 
|  63|0x0000000083f00000, 0x0000000084000000, 0x0000000084000000|100%|HS|  |TAMS 0x0000000084000000, 0x0000000083f00000| Complete 
|  64|0x0000000084000000, 0x0000000084100000, 0x0000000084100000|100%|HC|  |TAMS 0x0000000084100000, 0x0000000084000000| Complete 
|  65|0x0000000084100000, 0x0000000084200000, 0x0000000084200000|100%| O|  |TAMS 0x0000000084200000, 0x0000000084100000| Untracked 
|  66|0x0000000084200000, 0x0000000084300000, 0x0000000084300000|100%| O|  |TAMS 0x0000000084300000, 0x0000000084200000| Untracked 
|  67|0x0000000084300000, 0x0000000084400000, 0x0000000084400000|100%| O|  |TAMS 0x0000000084400000, 0x0000000084300000| Untracked 
|  68|0x0000000084400000, 0x0000000084500000, 0x0000000084500000|100%| O|  |TAMS 0x0000000084500000, 0x0000000084400000| Untracked 
|  69|0x0000000084500000, 0x0000000084600000, 0x0000000084600000|100%| O|  |TAMS 0x0000000084600000, 0x0000000084500000| Untracked 
|  70|0x0000000084600000, 0x0000000084700000, 0x0000000084700000|100%| O|  |TAMS 0x0000000084700000, 0x0000000084600000| Untracked 
|  71|0x0000000084700000, 0x0000000084800000, 0x0000000084800000|100%| O|  |TAMS 0x0000000084800000, 0x0000000084700000| Untracked 
|  72|0x0000000084800000, 0x0000000084900000, 0x0000000084900000|100%| O|  |TAMS 0x0000000084900000, 0x0000000084800000| Untracked 
|  73|0x0000000084900000, 0x0000000084a00000, 0x0000000084a00000|100%| O|  |TAMS 0x0000000084a00000, 0x0000000084900000| Untracked 
|  74|0x0000000084a00000, 0x0000000084b00000, 0x0000000084b00000|100%| O|  |TAMS 0x0000000084b00000, 0x0000000084a00000| Untracked 
|  75|0x0000000084b00000, 0x0000000084c00000, 0x0000000084c00000|100%| O|  |TAMS 0x0000000084c00000, 0x0000000084b00000| Untracked 
|  76|0x0000000084c00000, 0x0000000084d00000, 0x0000000084d00000|100%| O|  |TAMS 0x0000000084d00000, 0x0000000084c00000| Untracked 
|  77|0x0000000084d00000, 0x0000000084e00000, 0x0000000084e00000|100%| O|  |TAMS 0x0000000084e00000, 0x0000000084d00000| Untracked 
|  78|0x0000000084e00000, 0x0000000084f00000, 0x0000000084f00000|100%| O|  |TAMS 0x0000000084f00000, 0x0000000084e00000| Untracked 
|  79|0x0000000084f00000, 0x0000000085000000, 0x0000000085000000|100%| O|  |TAMS 0x0000000085000000, 0x0000000084f00000| Untracked 
|  80|0x0000000085000000, 0x0000000085100000, 0x0000000085100000|100%| O|  |TAMS 0x0000000085100000, 0x0000000085000000| Untracked 
|  81|0x0000000085100000, 0x0000000085200000, 0x0000000085200000|100%| O|  |TAMS 0x0000000085200000, 0x0000000085100000| Untracked 
|  82|0x0000000085200000, 0x0000000085300000, 0x0000000085300000|100%| O|  |TAMS 0x0000000085300000, 0x0000000085200000| Untracked 
|  83|0x0000000085300000, 0x0000000085400000, 0x0000000085400000|100%| O|  |TAMS 0x0000000085400000, 0x0000000085300000| Untracked 
|  84|0x0000000085400000, 0x0000000085500000, 0x0000000085500000|100%| O|  |TAMS 0x0000000085500000, 0x0000000085400000| Untracked 
|  85|0x0000000085500000, 0x0000000085600000, 0x0000000085600000|100%| O|  |TAMS 0x0000000085600000, 0x0000000085500000| Untracked 
|  86|0x0000000085600000, 0x0000000085700000, 0x0000000085700000|100%| O|  |TAMS 0x0000000085700000, 0x0000000085600000| Untracked 
|  87|0x0000000085700000, 0x0000000085800000, 0x0000000085800000|100%|HS|  |TAMS 0x0000000085800000, 0x0000000085700000| Complete 
|  88|0x0000000085800000, 0x0000000085900000, 0x0000000085900000|100%|HC|  |TAMS 0x0000000085900000, 0x0000000085800000| Complete 
|  89|0x0000000085900000, 0x0000000085a00000, 0x0000000085a00000|100%|HS|  |TAMS 0x0000000085a00000, 0x0000000085900000| Complete 
|  90|0x0000000085a00000, 0x0000000085b00000, 0x0000000085b00000|100%|HC|  |TAMS 0x0000000085b00000, 0x0000000085a00000| Complete 
|  91|0x0000000085b00000, 0x0000000085c00000, 0x0000000085c00000|100%|HC|  |TAMS 0x0000000085c00000, 0x0000000085b00000| Complete 
|  92|0x0000000085c00000, 0x0000000085d00000, 0x0000000085d00000|100%|HS|  |TAMS 0x0000000085d00000, 0x0000000085c00000| Complete 
|  93|0x0000000085d00000, 0x0000000085e00000, 0x0000000085e00000|100%| O|  |TAMS 0x0000000085e00000, 0x0000000085d00000| Untracked 
|  94|0x0000000085e00000, 0x0000000085f00000, 0x0000000085f00000|100%| O|  |TAMS 0x0000000085f00000, 0x0000000085e00000| Untracked 
|  95|0x0000000085f00000, 0x0000000086000000, 0x0000000086000000|100%| O|  |TAMS 0x0000000086000000, 0x0000000085f00000| Untracked 
|  96|0x0000000086000000, 0x0000000086100000, 0x0000000086100000|100%| O|  |TAMS 0x0000000086100000, 0x0000000086000000| Untracked 
|  97|0x0000000086100000, 0x0000000086200000, 0x0000000086200000|100%| O|  |TAMS 0x0000000086200000, 0x0000000086100000| Untracked 
|  98|0x0000000086200000, 0x0000000086300000, 0x0000000086300000|100%|HS|  |TAMS 0x0000000086300000, 0x0000000086200000| Complete 
|  99|0x0000000086300000, 0x0000000086400000, 0x0000000086400000|100%|HC|  |TAMS 0x0000000086400000, 0x0000000086300000| Complete 
| 100|0x0000000086400000, 0x0000000086500000, 0x0000000086500000|100%|HC|  |TAMS 0x0000000086500000, 0x0000000086400000| Complete 
| 101|0x0000000086500000, 0x0000000086600000, 0x0000000086600000|100%|HC|  |TAMS 0x0000000086600000, 0x0000000086500000| Complete 
| 102|0x0000000086600000, 0x0000000086700000, 0x0000000086700000|100%| O|  |TAMS 0x0000000086700000, 0x0000000086600000| Untracked 
| 103|0x0000000086700000, 0x0000000086800000, 0x0000000086800000|100%| O|  |TAMS 0x0000000086800000, 0x0000000086700000| Untracked 
| 104|0x0000000086800000, 0x0000000086900000, 0x0000000086900000|100%| O|  |TAMS 0x0000000086900000, 0x0000000086800000| Untracked 
| 105|0x0000000086900000, 0x0000000086a00000, 0x0000000086a00000|100%| O|  |TAMS 0x0000000086a00000, 0x0000000086900000| Untracked 
| 106|0x0000000086a00000, 0x0000000086b00000, 0x0000000086b00000|100%| O|  |TAMS 0x0000000086b00000, 0x0000000086a00000| Untracked 
| 107|0x0000000086b00000, 0x0000000086c00000, 0x0000000086c00000|100%| O|  |TAMS 0x0000000086c00000, 0x0000000086b00000| Untracked 
| 108|0x0000000086c00000, 0x0000000086d00000, 0x0000000086d00000|100%| O|  |TAMS 0x0000000086d00000, 0x0000000086c00000| Untracked 
| 109|0x0000000086d00000, 0x0000000086e00000, 0x0000000086e00000|100%| O|  |TAMS 0x0000000086e00000, 0x0000000086d00000| Untracked 
| 110|0x0000000086e00000, 0x0000000086f00000, 0x0000000086f00000|100%| O|  |TAMS 0x0000000086f00000, 0x0000000086e00000| Untracked 
| 111|0x0000000086f00000, 0x0000000087000000, 0x0000000087000000|100%| O|  |TAMS 0x0000000087000000, 0x0000000086f00000| Untracked 
| 112|0x0000000087000000, 0x0000000087100000, 0x0000000087100000|100%| O|  |TAMS 0x0000000087100000, 0x0000000087000000| Untracked 
| 113|0x0000000087100000, 0x0000000087200000, 0x0000000087200000|100%| O|  |TAMS 0x0000000087200000, 0x0000000087100000| Untracked 
| 114|0x0000000087200000, 0x0000000087300000, 0x0000000087300000|100%| O|  |TAMS 0x0000000087300000, 0x0000000087200000| Untracked 
| 115|0x0000000087300000, 0x0000000087400000, 0x0000000087400000|100%| O|  |TAMS 0x0000000087400000, 0x0000000087300000| Untracked 
| 116|0x0000000087400000, 0x0000000087500000, 0x0000000087500000|100%| O|  |TAMS 0x0000000087500000, 0x0000000087400000| Untracked 
| 117|0x0000000087500000, 0x0000000087600000, 0x0000000087600000|100%| O|  |TAMS 0x0000000087600000, 0x0000000087500000| Untracked 
| 118|0x0000000087600000, 0x0000000087700000, 0x0000000087700000|100%| O|  |TAMS 0x0000000087700000, 0x0000000087600000| Untracked 
| 119|0x0000000087700000, 0x0000000087800000, 0x0000000087800000|100%| O|  |TAMS 0x0000000087800000, 0x0000000087700000| Untracked 
| 120|0x0000000087800000, 0x0000000087900000, 0x0000000087900000|100%| O|  |TAMS 0x0000000087900000, 0x0000000087800000| Untracked 
| 121|0x0000000087900000, 0x0000000087a00000, 0x0000000087a00000|100%| O|  |TAMS 0x0000000087a00000, 0x0000000087900000| Untracked 
| 122|0x0000000087a00000, 0x0000000087b00000, 0x0000000087b00000|100%| O|  |TAMS 0x0000000087b00000, 0x0000000087a00000| Untracked 
| 123|0x0000000087b00000, 0x0000000087c00000, 0x0000000087c00000|100%| O|  |TAMS 0x0000000087c00000, 0x0000000087b00000| Untracked 
| 124|0x0000000087c00000, 0x0000000087d00000, 0x0000000087d00000|100%| O|  |TAMS 0x0000000087d00000, 0x0000000087c00000| Untracked 
| 125|0x0000000087d00000, 0x0000000087e00000, 0x0000000087e00000|100%| O|  |TAMS 0x0000000087e00000, 0x0000000087d00000| Untracked 
| 126|0x0000000087e00000, 0x0000000087e00000, 0x0000000087f00000|  0%| F|  |TAMS 0x0000000087e00000, 0x0000000087e00000| Untracked 
| 127|0x0000000087f00000, 0x0000000088000000, 0x0000000088000000|100%| O|  |TAMS 0x0000000088000000, 0x0000000087f00000| Untracked 
| 128|0x0000000088000000, 0x0000000088100000, 0x0000000088100000|100%| O|  |TAMS 0x0000000088100000, 0x0000000088000000| Untracked 
| 129|0x0000000088100000, 0x0000000088200000, 0x0000000088200000|100%| O|  |TAMS 0x0000000088200000, 0x0000000088100000| Untracked 
| 130|0x0000000088200000, 0x0000000088300000, 0x0000000088300000|100%| O|  |TAMS 0x0000000088300000, 0x0000000088200000| Untracked 
| 131|0x0000000088300000, 0x0000000088400000, 0x0000000088400000|100%| O|  |TAMS 0x0000000088400000, 0x0000000088300000| Untracked 
| 132|0x0000000088400000, 0x0000000088500000, 0x0000000088500000|100%| O|  |TAMS 0x0000000088500000, 0x0000000088400000| Untracked 
| 133|0x0000000088500000, 0x0000000088600000, 0x0000000088600000|100%| O|  |TAMS 0x0000000088600000, 0x0000000088500000| Untracked 
| 134|0x0000000088600000, 0x0000000088700000, 0x0000000088700000|100%| O|  |TAMS 0x0000000088700000, 0x0000000088600000| Untracked 
| 135|0x0000000088700000, 0x0000000088800000, 0x0000000088800000|100%| O|  |TAMS 0x0000000088800000, 0x0000000088700000| Untracked 
| 136|0x0000000088800000, 0x0000000088900000, 0x0000000088900000|100%| O|  |TAMS 0x0000000088900000, 0x0000000088800000| Untracked 
| 137|0x0000000088900000, 0x0000000088a00000, 0x0000000088a00000|100%| O|  |TAMS 0x0000000088a00000, 0x0000000088900000| Untracked 
| 138|0x0000000088a00000, 0x0000000088b00000, 0x0000000088b00000|100%| O|  |TAMS 0x0000000088b00000, 0x0000000088a00000| Untracked 
| 139|0x0000000088b00000, 0x0000000088c00000, 0x0000000088c00000|100%| O|  |TAMS 0x0000000088c00000, 0x0000000088b00000| Untracked 
| 140|0x0000000088c00000, 0x0000000088d00000, 0x0000000088d00000|100%| O|  |TAMS 0x0000000088d00000, 0x0000000088c00000| Untracked 
| 141|0x0000000088d00000, 0x0000000088e00000, 0x0000000088e00000|100%| O|  |TAMS 0x0000000088d00000, 0x0000000088d00000| Untracked 
| 142|0x0000000088e00000, 0x0000000088f00000, 0x0000000088f00000|100%| O|  |TAMS 0x0000000088e00000, 0x0000000088e00000| Untracked 
| 143|0x0000000088f00000, 0x0000000089000000, 0x0000000089000000|100%| O|  |TAMS 0x0000000088f00000, 0x0000000088f00000| Untracked 
| 144|0x0000000089000000, 0x0000000089100000, 0x0000000089100000|100%| O|  |TAMS 0x0000000089000000, 0x0000000089000000| Untracked 
| 145|0x0000000089100000, 0x0000000089200000, 0x0000000089200000|100%| O|  |TAMS 0x0000000089200000, 0x0000000089100000| Untracked 
| 146|0x0000000089200000, 0x0000000089300000, 0x0000000089300000|100%| O|  |TAMS 0x0000000089300000, 0x0000000089200000| Untracked 
| 147|0x0000000089300000, 0x0000000089400000, 0x0000000089400000|100%| O|  |TAMS 0x0000000089300000, 0x0000000089300000| Untracked 
| 148|0x0000000089400000, 0x000000008941c600, 0x0000000089500000| 11%| O|  |TAMS 0x0000000089400000, 0x0000000089400000| Untracked 
| 149|0x0000000089500000, 0x0000000089600000, 0x0000000089600000|100%| O|  |TAMS 0x0000000089600000, 0x0000000089500000| Untracked 
| 150|0x0000000089600000, 0x0000000089700000, 0x0000000089700000|100%| O|  |TAMS 0x00000000896c2e00, 0x0000000089600000| Untracked 
| 151|0x0000000089700000, 0x0000000089700000, 0x0000000089800000|  0%| F|  |TAMS 0x0000000089700000, 0x0000000089700000| Untracked 
| 152|0x0000000089800000, 0x0000000089900000, 0x0000000089900000|100%| O|  |TAMS 0x0000000089900000, 0x0000000089800000| Untracked 
| 153|0x0000000089900000, 0x0000000089900000, 0x0000000089a00000|  0%| F|  |TAMS 0x0000000089900000, 0x0000000089900000| Untracked 
| 154|0x0000000089a00000, 0x0000000089a00000, 0x0000000089b00000|  0%| F|  |TAMS 0x0000000089a00000, 0x0000000089a00000| Untracked 
| 155|0x0000000089b00000, 0x0000000089b00000, 0x0000000089c00000|  0%| F|  |TAMS 0x0000000089b00000, 0x0000000089b00000| Untracked 
| 156|0x0000000089c00000, 0x0000000089c00000, 0x0000000089d00000|  0%| F|  |TAMS 0x0000000089c00000, 0x0000000089c00000| Untracked 
| 157|0x0000000089d00000, 0x0000000089d00000, 0x0000000089e00000|  0%| F|  |TAMS 0x0000000089d00000, 0x0000000089d00000| Untracked 
| 158|0x0000000089e00000, 0x0000000089e00000, 0x0000000089f00000|  0%| F|  |TAMS 0x0000000089e00000, 0x0000000089e00000| Untracked 
| 159|0x0000000089f00000, 0x0000000089f00000, 0x000000008a000000|  0%| F|  |TAMS 0x0000000089f00000, 0x0000000089f00000| Untracked 
| 160|0x000000008a000000, 0x000000008a000000, 0x000000008a100000|  0%| F|  |TAMS 0x000000008a000000, 0x000000008a000000| Untracked 
| 161|0x000000008a100000, 0x000000008a100000, 0x000000008a200000|  0%| F|  |TAMS 0x000000008a100000, 0x000000008a100000| Untracked 
| 162|0x000000008a200000, 0x000000008a200000, 0x000000008a300000|  0%| F|  |TAMS 0x000000008a200000, 0x000000008a200000| Untracked 
| 163|0x000000008a300000, 0x000000008a300000, 0x000000008a400000|  0%| F|  |TAMS 0x000000008a300000, 0x000000008a300000| Untracked 
| 164|0x000000008a400000, 0x000000008a400000, 0x000000008a500000|  0%| F|  |TAMS 0x000000008a400000, 0x000000008a400000| Untracked 
| 165|0x000000008a500000, 0x000000008a500000, 0x000000008a600000|  0%| F|  |TAMS 0x000000008a500000, 0x000000008a500000| Untracked 
| 166|0x000000008a600000, 0x000000008a600000, 0x000000008a700000|  0%| F|  |TAMS 0x000000008a600000, 0x000000008a600000| Untracked 
| 167|0x000000008a700000, 0x000000008a700000, 0x000000008a800000|  0%| F|  |TAMS 0x000000008a700000, 0x000000008a700000| Untracked 
| 168|0x000000008a800000, 0x000000008a800000, 0x000000008a900000|  0%| F|  |TAMS 0x000000008a800000, 0x000000008a800000| Untracked 
| 169|0x000000008a900000, 0x000000008a900000, 0x000000008aa00000|  0%| F|  |TAMS 0x000000008a900000, 0x000000008a900000| Untracked 
| 170|0x000000008aa00000, 0x000000008aa00000, 0x000000008ab00000|  0%| F|  |TAMS 0x000000008aa00000, 0x000000008aa00000| Untracked 
| 171|0x000000008ab00000, 0x000000008ab00000, 0x000000008ac00000|  0%| F|  |TAMS 0x000000008ab00000, 0x000000008ab00000| Untracked 
| 172|0x000000008ac00000, 0x000000008ac00000, 0x000000008ad00000|  0%| F|  |TAMS 0x000000008ac00000, 0x000000008ac00000| Untracked 
| 173|0x000000008ad00000, 0x000000008ad00000, 0x000000008ae00000|  0%| F|  |TAMS 0x000000008ad00000, 0x000000008ad00000| Untracked 
| 174|0x000000008ae00000, 0x000000008ae00000, 0x000000008af00000|  0%| F|  |TAMS 0x000000008ae00000, 0x000000008ae00000| Untracked 
| 175|0x000000008af00000, 0x000000008af00000, 0x000000008b000000|  0%| F|  |TAMS 0x000000008af00000, 0x000000008af00000| Untracked 
| 176|0x000000008b000000, 0x000000008b000000, 0x000000008b100000|  0%| F|  |TAMS 0x000000008b000000, 0x000000008b000000| Untracked 
| 177|0x000000008b100000, 0x000000008b100000, 0x000000008b200000|  0%| F|  |TAMS 0x000000008b100000, 0x000000008b100000| Untracked 
| 178|0x000000008b200000, 0x000000008b200000, 0x000000008b300000|  0%| F|  |TAMS 0x000000008b200000, 0x000000008b200000| Untracked 
| 179|0x000000008b300000, 0x000000008b300000, 0x000000008b400000|  0%| F|  |TAMS 0x000000008b300000, 0x000000008b300000| Untracked 
| 180|0x000000008b400000, 0x000000008b400000, 0x000000008b500000|  0%| F|  |TAMS 0x000000008b400000, 0x000000008b400000| Untracked 
| 181|0x000000008b500000, 0x000000008b500000, 0x000000008b600000|  0%| F|  |TAMS 0x000000008b500000, 0x000000008b500000| Untracked 
| 182|0x000000008b600000, 0x000000008b600000, 0x000000008b700000|  0%| F|  |TAMS 0x000000008b600000, 0x000000008b600000| Untracked 
| 183|0x000000008b700000, 0x000000008b700000, 0x000000008b800000|  0%| F|  |TAMS 0x000000008b700000, 0x000000008b700000| Untracked 
| 184|0x000000008b800000, 0x000000008b800000, 0x000000008b900000|  0%| F|  |TAMS 0x000000008b800000, 0x000000008b800000| Untracked 
| 185|0x000000008b900000, 0x000000008b900000, 0x000000008ba00000|  0%| F|  |TAMS 0x000000008b900000, 0x000000008b900000| Untracked 
| 186|0x000000008ba00000, 0x000000008ba00000, 0x000000008bb00000|  0%| F|  |TAMS 0x000000008ba00000, 0x000000008ba00000| Untracked 
| 187|0x000000008bb00000, 0x000000008bb00000, 0x000000008bc00000|  0%| F|  |TAMS 0x000000008bb00000, 0x000000008bb00000| Untracked 
| 188|0x000000008bc00000, 0x000000008bc00000, 0x000000008bd00000|  0%| F|  |TAMS 0x000000008bc00000, 0x000000008bc00000| Untracked 
| 189|0x000000008bd00000, 0x000000008bd00000, 0x000000008be00000|  0%| F|  |TAMS 0x000000008bd00000, 0x000000008bd00000| Untracked 
| 190|0x000000008be00000, 0x000000008be00000, 0x000000008bf00000|  0%| F|  |TAMS 0x000000008be00000, 0x000000008be00000| Untracked 
| 191|0x000000008bf00000, 0x000000008bf00000, 0x000000008c000000|  0%| F|  |TAMS 0x000000008bf00000, 0x000000008bf00000| Untracked 
| 192|0x000000008c000000, 0x000000008c000000, 0x000000008c100000|  0%| F|  |TAMS 0x000000008c000000, 0x000000008c000000| Untracked 
| 193|0x000000008c100000, 0x000000008c100000, 0x000000008c200000|  0%| F|  |TAMS 0x000000008c100000, 0x000000008c100000| Untracked 
| 194|0x000000008c200000, 0x000000008c200000, 0x000000008c300000|  0%| F|  |TAMS 0x000000008c200000, 0x000000008c200000| Untracked 
| 195|0x000000008c300000, 0x000000008c300000, 0x000000008c400000|  0%| F|  |TAMS 0x000000008c300000, 0x000000008c300000| Untracked 
| 196|0x000000008c400000, 0x000000008c400000, 0x000000008c500000|  0%| F|  |TAMS 0x000000008c400000, 0x000000008c400000| Untracked 
| 197|0x000000008c500000, 0x000000008c500000, 0x000000008c600000|  0%| F|  |TAMS 0x000000008c500000, 0x000000008c500000| Untracked 
| 198|0x000000008c600000, 0x000000008c600000, 0x000000008c700000|  0%| F|  |TAMS 0x000000008c600000, 0x000000008c600000| Untracked 
| 199|0x000000008c700000, 0x000000008c700000, 0x000000008c800000|  0%| F|  |TAMS 0x000000008c700000, 0x000000008c700000| Untracked 
| 200|0x000000008c800000, 0x000000008c800000, 0x000000008c900000|  0%| F|  |TAMS 0x000000008c800000, 0x000000008c800000| Untracked 
| 201|0x000000008c900000, 0x000000008c900000, 0x000000008ca00000|  0%| F|  |TAMS 0x000000008c900000, 0x000000008c900000| Untracked 
| 202|0x000000008ca00000, 0x000000008ca00000, 0x000000008cb00000|  0%| F|  |TAMS 0x000000008ca00000, 0x000000008ca00000| Untracked 
| 203|0x000000008cb00000, 0x000000008cb00000, 0x000000008cc00000|  0%| F|  |TAMS 0x000000008cb00000, 0x000000008cb00000| Untracked 
| 204|0x000000008cc00000, 0x000000008cc00000, 0x000000008cd00000|  0%| F|  |TAMS 0x000000008cc00000, 0x000000008cc00000| Untracked 
| 205|0x000000008cd00000, 0x000000008cd00000, 0x000000008ce00000|  0%| F|  |TAMS 0x000000008cd00000, 0x000000008cd00000| Untracked 
| 206|0x000000008ce00000, 0x000000008ce00000, 0x000000008cf00000|  0%| F|  |TAMS 0x000000008ce00000, 0x000000008ce00000| Untracked 
| 207|0x000000008cf00000, 0x000000008cf00000, 0x000000008d000000|  0%| F|  |TAMS 0x000000008cf00000, 0x000000008cf00000| Untracked 
| 208|0x000000008d000000, 0x000000008d000000, 0x000000008d100000|  0%| F|  |TAMS 0x000000008d000000, 0x000000008d000000| Untracked 
| 209|0x000000008d100000, 0x000000008d100000, 0x000000008d200000|  0%| F|  |TAMS 0x000000008d100000, 0x000000008d100000| Untracked 
| 210|0x000000008d200000, 0x000000008d200000, 0x000000008d300000|  0%| F|  |TAMS 0x000000008d200000, 0x000000008d200000| Untracked 
| 211|0x000000008d300000, 0x000000008d300000, 0x000000008d400000|  0%| F|  |TAMS 0x000000008d300000, 0x000000008d300000| Untracked 
| 212|0x000000008d400000, 0x000000008d400000, 0x000000008d500000|  0%| F|  |TAMS 0x000000008d400000, 0x000000008d400000| Untracked 
| 213|0x000000008d500000, 0x000000008d500000, 0x000000008d600000|  0%| F|  |TAMS 0x000000008d500000, 0x000000008d500000| Untracked 
| 214|0x000000008d600000, 0x000000008d600000, 0x000000008d700000|  0%| F|  |TAMS 0x000000008d600000, 0x000000008d600000| Untracked 
| 215|0x000000008d700000, 0x000000008d700000, 0x000000008d800000|  0%| F|  |TAMS 0x000000008d700000, 0x000000008d700000| Untracked 
| 216|0x000000008d800000, 0x000000008d800000, 0x000000008d900000|  0%| F|  |TAMS 0x000000008d800000, 0x000000008d800000| Untracked 
| 217|0x000000008d900000, 0x000000008d900000, 0x000000008da00000|  0%| F|  |TAMS 0x000000008d900000, 0x000000008d900000| Untracked 
| 218|0x000000008da00000, 0x000000008da00000, 0x000000008db00000|  0%| F|  |TAMS 0x000000008da00000, 0x000000008da00000| Untracked 
| 219|0x000000008db00000, 0x000000008db00000, 0x000000008dc00000|  0%| F|  |TAMS 0x000000008db00000, 0x000000008db00000| Untracked 
| 220|0x000000008dc00000, 0x000000008dc00000, 0x000000008dd00000|  0%| F|  |TAMS 0x000000008dc00000, 0x000000008dc00000| Untracked 
| 221|0x000000008dd00000, 0x000000008dd00000, 0x000000008de00000|  0%| F|  |TAMS 0x000000008dd00000, 0x000000008dd00000| Untracked 
| 222|0x000000008de00000, 0x000000008de00000, 0x000000008df00000|  0%| F|  |TAMS 0x000000008de00000, 0x000000008de00000| Untracked 
| 223|0x000000008df00000, 0x000000008df00000, 0x000000008e000000|  0%| F|  |TAMS 0x000000008df00000, 0x000000008df00000| Untracked 
| 224|0x000000008e000000, 0x000000008e000000, 0x000000008e100000|  0%| F|  |TAMS 0x000000008e000000, 0x000000008e000000| Untracked 
| 225|0x000000008e100000, 0x000000008e100000, 0x000000008e200000|  0%| F|  |TAMS 0x000000008e100000, 0x000000008e100000| Untracked 
| 226|0x000000008e200000, 0x000000008e200000, 0x000000008e300000|  0%| F|  |TAMS 0x000000008e200000, 0x000000008e200000| Untracked 
| 227|0x000000008e300000, 0x000000008e300000, 0x000000008e400000|  0%| F|  |TAMS 0x000000008e300000, 0x000000008e300000| Untracked 
| 228|0x000000008e400000, 0x000000008e400000, 0x000000008e500000|  0%| F|  |TAMS 0x000000008e400000, 0x000000008e400000| Untracked 
| 229|0x000000008e500000, 0x000000008e500000, 0x000000008e600000|  0%| F|  |TAMS 0x000000008e500000, 0x000000008e500000| Untracked 
| 230|0x000000008e600000, 0x000000008e600000, 0x000000008e700000|  0%| F|  |TAMS 0x000000008e600000, 0x000000008e600000| Untracked 
| 231|0x000000008e700000, 0x000000008e700000, 0x000000008e800000|  0%| F|  |TAMS 0x000000008e700000, 0x000000008e700000| Untracked 
| 232|0x000000008e800000, 0x000000008e800000, 0x000000008e900000|  0%| F|  |TAMS 0x000000008e800000, 0x000000008e800000| Untracked 
| 233|0x000000008e900000, 0x000000008e900000, 0x000000008ea00000|  0%| F|  |TAMS 0x000000008e900000, 0x000000008e900000| Untracked 
| 234|0x000000008ea00000, 0x000000008ea00000, 0x000000008eb00000|  0%| F|  |TAMS 0x000000008ea00000, 0x000000008ea00000| Untracked 
| 235|0x000000008eb00000, 0x000000008eb00000, 0x000000008ec00000|  0%| F|  |TAMS 0x000000008eb00000, 0x000000008eb00000| Untracked 
| 236|0x000000008ec00000, 0x000000008ec00000, 0x000000008ed00000|  0%| F|  |TAMS 0x000000008ec00000, 0x000000008ec00000| Untracked 
| 237|0x000000008ed00000, 0x000000008ed80800, 0x000000008ee00000| 50%| E|  |TAMS 0x000000008ed00000, 0x000000008ed00000| Complete 
| 238|0x000000008ee00000, 0x000000008ef00000, 0x000000008ef00000|100%| E|CS|TAMS 0x000000008ee00000, 0x000000008ee00000| Complete 
| 239|0x000000008ef00000, 0x000000008f000000, 0x000000008f000000|100%| E|CS|TAMS 0x000000008ef00000, 0x000000008ef00000| Complete 
| 240|0x000000008f000000, 0x000000008f100000, 0x000000008f100000|100%| E|CS|TAMS 0x000000008f000000, 0x000000008f000000| Complete 
| 241|0x000000008f100000, 0x000000008f200000, 0x000000008f200000|100%| E|CS|TAMS 0x000000008f100000, 0x000000008f100000| Complete 
| 242|0x000000008f200000, 0x000000008f300000, 0x000000008f300000|100%| E|CS|TAMS 0x000000008f200000, 0x000000008f200000| Complete 
| 243|0x000000008f300000, 0x000000008f400000, 0x000000008f400000|100%| E|CS|TAMS 0x000000008f300000, 0x000000008f300000| Complete 
| 244|0x000000008f400000, 0x000000008f500000, 0x000000008f500000|100%| E|CS|TAMS 0x000000008f400000, 0x000000008f400000| Complete 
| 245|0x000000008f500000, 0x000000008f600000, 0x000000008f600000|100%| E|CS|TAMS 0x000000008f500000, 0x000000008f500000| Complete 
| 246|0x000000008f600000, 0x000000008f700000, 0x000000008f700000|100%| E|CS|TAMS 0x000000008f600000, 0x000000008f600000| Complete 
| 247|0x000000008f700000, 0x000000008f800000, 0x000000008f800000|100%| E|CS|TAMS 0x000000008f700000, 0x000000008f700000| Complete 
| 248|0x000000008f800000, 0x000000008f900000, 0x000000008f900000|100%| E|CS|TAMS 0x000000008f800000, 0x000000008f800000| Complete 
| 249|0x000000008f900000, 0x000000008fa00000, 0x000000008fa00000|100%| E|CS|TAMS 0x000000008f900000, 0x000000008f900000| Complete 
| 250|0x000000008fa00000, 0x000000008fb00000, 0x000000008fb00000|100%| E|CS|TAMS 0x000000008fa00000, 0x000000008fa00000| Complete 
| 251|0x000000008fb00000, 0x000000008fc00000, 0x000000008fc00000|100%| E|CS|TAMS 0x000000008fb00000, 0x000000008fb00000| Complete 
| 252|0x000000008fc00000, 0x000000008fd00000, 0x000000008fd00000|100%| E|CS|TAMS 0x000000008fc00000, 0x000000008fc00000| Complete 
| 253|0x000000008fd00000, 0x000000008fe00000, 0x000000008fe00000|100%| E|CS|TAMS 0x000000008fd00000, 0x000000008fd00000| Complete 
| 254|0x000000008fe00000, 0x000000008ff00000, 0x000000008ff00000|100%| E|CS|TAMS 0x000000008fe00000, 0x000000008fe00000| Complete 
| 255|0x000000008ff00000, 0x000000008ffe7890, 0x0000000090000000| 90%| S|CS|TAMS 0x000000008ff00000, 0x000000008ff00000| Complete 
| 256|0x0000000090000000, 0x0000000090100000, 0x0000000090100000|100%| E|CS|TAMS 0x0000000090000000, 0x0000000090000000| Complete 
| 257|0x0000000090100000, 0x0000000090200000, 0x0000000090200000|100%| E|CS|TAMS 0x0000000090100000, 0x0000000090100000| Complete 
| 258|0x0000000090200000, 0x0000000090300000, 0x0000000090300000|100%| E|CS|TAMS 0x0000000090200000, 0x0000000090200000| Complete 
| 259|0x0000000090300000, 0x0000000090400000, 0x0000000090400000|100%| E|CS|TAMS 0x0000000090300000, 0x0000000090300000| Complete 
| 260|0x0000000090400000, 0x0000000090500000, 0x0000000090500000|100%| E|CS|TAMS 0x0000000090400000, 0x0000000090400000| Complete 
| 261|0x0000000090500000, 0x0000000090600000, 0x0000000090600000|100%| E|CS|TAMS 0x0000000090500000, 0x0000000090500000| Complete 
| 262|0x0000000090600000, 0x0000000090700000, 0x0000000090700000|100%| E|CS|TAMS 0x0000000090600000, 0x0000000090600000| Complete 
| 263|0x0000000090700000, 0x0000000090800000, 0x0000000090800000|100%| E|CS|TAMS 0x0000000090700000, 0x0000000090700000| Complete 

Card table byte_map: [0x000001d3afce0000,0x000001d3b00e0000] _byte_map_base: 0x000001d3af8e0000

Marking Bits (Prev, Next): (CMBitMap*) 0x000001d39d20ca08, (CMBitMap*) 0x000001d39d20ca40
 Prev Bits: [0x000001d3b04e0000, 0x000001d3b24e0000)
 Next Bits: [0x000001d3b24e0000, 0x000001d3b44e0000)

Polling page: 0x000001d39b0b0000

Metaspace:

Usage:
  Non-class:    133.66 MB capacity,   130.97 MB ( 98%) used,     2.19 MB (  2%) free+waste,   503.50 KB ( <1%) overhead. 
      Class:     19.45 MB capacity,    17.97 MB ( 92%) used,     1.27 MB (  7%) free+waste,   217.19 KB (  1%) overhead. 
       Both:    153.11 MB capacity,   148.94 MB ( 97%) used,     3.46 MB (  2%) free+waste,   720.69 KB ( <1%) overhead. 

Virtual space:
  Non-class space:      134.00 MB reserved,     133.75 MB (>99%) committed 
      Class space:        1.00 GB reserved,      19.50 MB (  2%) committed 
             Both:        1.13 GB reserved,     153.25 MB ( 13%) committed 

Chunk freelists:
   Non-Class:  33.00 KB
       Class:  0 bytes
        Both:  33.00 KB

MaxMetaspaceSize: 17179869184.00 GB
CompressedClassSpaceSize: 1.00 GB
Initial GC threshold: 20.80 MB
Current GC threshold: 254.38 MB
CDS: off

CodeHeap 'non-profiled nmethods': size=120064Kb used=19608Kb max_used=19608Kb free=100455Kb
 bounds [0x000001d3a87a0000, 0x000001d3a9ad0000, 0x000001d3afce0000]
CodeHeap 'profiled nmethods': size=120000Kb used=55919Kb max_used=55919Kb free=64080Kb
 bounds [0x000001d3a1270000, 0x000001d3a4920000, 0x000001d3a87a0000]
CodeHeap 'non-nmethods': size=5696Kb used=2578Kb max_used=2628Kb free=3117Kb
 bounds [0x000001d3a0ce0000, 0x000001d3a0f80000, 0x000001d3a1270000]
 total_blobs=25337 nmethods=24194 adapters=1054
 compilation: enabled
              stopped_count=0, restarted_count=0
 full_count=0

Compilation events (20 events):
Event: 11625.863 Thread 0x000001d3b7115000 28248       2       com.android.tools.r8.internal.gI$$Lambda$1825/0x000000010131ec40::applyAsInt (12 bytes)
Event: 11625.863 Thread 0x000001d3b7115000 nmethod 28248 0x000001d3a490e210 code [0x000001d3a490e3c0, 0x000001d3a490e508]
Event: 11625.865 Thread 0x000001d3b7115000 28249       2       com.android.tools.r8.internal.kj$$Lambda$1859/0x000000010132f840::accept (12 bytes)
Event: 11625.865 Thread 0x000001d3b7115000 nmethod 28249 0x000001d3a490e610 code [0x000001d3a490e7c0, 0x000001d3a490e908]
Event: 11625.865 Thread 0x000001d3b7115000 28250       2       com.android.tools.r8.internal.ij::a (52 bytes)
Event: 11625.866 Thread 0x000001d3b7115000 nmethod 28250 0x000001d3a490ea10 code [0x000001d3a490ebc0, 0x000001d3a490ece8]
Event: 11625.866 Thread 0x000001d3b7115000 28251       2       com.android.tools.r8.internal.kj$$Lambda$1860/0x000000010132fc40::get$Lambda (9 bytes)
Event: 11625.867 Thread 0x000001d3b7115000 nmethod 28251 0x000001d3a490ee10 code [0x000001d3a490efc0, 0x000001d3a490f138]
Event: 11625.870 Thread 0x000001d3b7115000 28252       2       com.android.tools.r8.internal.kj::a (62 bytes)
Event: 11625.872 Thread 0x000001d3b7115000 nmethod 28252 0x000001d3a490f210 code [0x000001d3a490f440, 0x000001d3a490f7c8]
Event: 11625.874 Thread 0x000001d3b7115000 28253       2       com.android.tools.r8.graph.A$$Lambda$1865/0x0000000101331040::compare (16 bytes)
Event: 11625.875 Thread 0x000001d3b7115000 nmethod 28253 0x000001d3a490fa90 code [0x000001d3a490fc60, 0x000001d3a490fe68]
Event: 11625.876 Thread 0x000001d3b7115000 28254       2       com.android.tools.r8.graph.A$$Lambda$1866/0x0000000101331440::compare (16 bytes)
Event: 11625.877 Thread 0x000001d3b7115000 nmethod 28254 0x000001d3a4910010 code [0x000001d3a49101e0, 0x000001d3a49103e8]
Event: 11626.108 Thread 0x000001d3b7115000 28256       2       com.android.tools.r8.internal.h4::e (98 bytes)
Event: 11626.113 Thread 0x000001d3b7115000 nmethod 28256 0x000001d3a4910590 code [0x000001d3a4910840, 0x000001d3a4911418]
Event: 11626.764 Thread 0x000001d3b7115000 28257       1       com.android.tools.r8.code.g2::v (3 bytes)
Event: 11626.765 Thread 0x000001d3b7115000 nmethod 28257 0x000001d3a9ac5e10 code [0x000001d3a9ac5fc0, 0x000001d3a9ac6078]
Event: 11627.459 Thread 0x000001d3b7115000 28258       2       com.android.tools.r8.internal.BP::equals (18 bytes)
Event: 11627.460 Thread 0x000001d3b7115000 nmethod 28258 0x000001d3a4911910 code [0x000001d3a4911ac0, 0x000001d3a4911c38]

GC Heap History (20 events):
Event: 11533.318 GC heap before
{Heap before GC invocations=337 (full 0):
 garbage-first heap   total 270336K, used 163307K [0x0000000080000000, 0x0000000100000000)
  region size 1024K, 13 young (13312K), 1 survivors (1024K)
 Metaspace       used 137749K, capacity 141259K, committed 141440K, reserved 1173504K
  class space    used 16515K, capacity 17764K, committed 17792K, reserved 1048576K
}
Event: 11533.342 GC heap after
{Heap after GC invocations=338 (full 0):
 garbage-first heap   total 270336K, used 149940K [0x0000000080000000, 0x0000000100000000)
  region size 1024K, 2 young (2048K), 2 survivors (2048K)
 Metaspace       used 137749K, capacity 141259K, committed 141440K, reserved 1173504K
  class space    used 16515K, capacity 17764K, committed 17792K, reserved 1048576K
}
Event: 11558.614 GC heap before
{Heap before GC invocations=338 (full 0):
 garbage-first heap   total 270336K, used 227764K [0x0000000080000000, 0x0000000100000000)
  region size 1024K, 79 young (80896K), 2 survivors (2048K)
 Metaspace       used 146903K, capacity 150770K, committed 151040K, reserved 1181696K
  class space    used 17831K, capacity 19184K, committed 19200K, reserved 1048576K
}
Event: 11558.675 GC heap after
{Heap after GC invocations=339 (full 0):
 garbage-first heap   total 270336K, used 153450K [0x0000000080000000, 0x0000000100000000)
  region size 1024K, 6 young (6144K), 6 survivors (6144K)
 Metaspace       used 146903K, capacity 150770K, committed 151040K, reserved 1181696K
  class space    used 17831K, capacity 19184K, committed 19200K, reserved 1048576K
}
Event: 11569.897 GC heap before
{Heap before GC invocations=340 (full 0):
 garbage-first heap   total 270336K, used 229226K [0x0000000080000000, 0x0000000100000000)
  region size 1024K, 80 young (81920K), 6 survivors (6144K)
 Metaspace       used 149267K, capacity 153121K, committed 153344K, reserved 1183744K
  class space    used 18011K, capacity 19392K, committed 19456K, reserved 1048576K
}
Event: 11569.991 GC heap after
{Heap after GC invocations=341 (full 0):
 garbage-first heap   total 270336K, used 158420K [0x0000000080000000, 0x0000000100000000)
  region size 1024K, 10 young (10240K), 10 survivors (10240K)
 Metaspace       used 149267K, capacity 153121K, committed 153344K, reserved 1183744K
  class space    used 18011K, capacity 19392K, committed 19456K, reserved 1048576K
}
Event: 11570.401 GC heap before
{Heap before GC invocations=341 (full 0):
 garbage-first heap   total 270336K, used 161492K [0x0000000080000000, 0x0000000100000000)
  region size 1024K, 13 young (13312K), 10 survivors (10240K)
 Metaspace       used 149280K, capacity 153121K, committed 153344K, reserved 1183744K
  class space    used 18011K, capacity 19392K, committed 19456K, reserved 1048576K
}
Event: 11570.481 GC heap after
{Heap after GC invocations=342 (full 0):
 garbage-first heap   total 270336K, used 154582K [0x0000000080000000, 0x0000000100000000)
  region size 1024K, 1 young (1024K), 1 survivors (1024K)
 Metaspace       used 149280K, capacity 153121K, committed 153344K, reserved 1183744K
  class space    used 18011K, capacity 19392K, committed 19456K, reserved 1048576K
}
Event: 11585.671 GC heap before
{Heap before GC invocations=342 (full 0):
 garbage-first heap   total 270336K, used 228310K [0x0000000080000000, 0x0000000100000000)
  region size 1024K, 74 young (75776K), 1 survivors (1024K)
 Metaspace       used 151544K, capacity 155587K, committed 155776K, reserved 1185792K
  class space    used 18283K, capacity 19745K, committed 19840K, reserved 1048576K
}
Event: 11585.734 GC heap after
{Heap after GC invocations=343 (full 0):
 garbage-first heap   total 270336K, used 157544K [0x0000000080000000, 0x0000000100000000)
  region size 1024K, 4 young (4096K), 4 survivors (4096K)
 Metaspace       used 151544K, capacity 155587K, committed 155776K, reserved 1185792K
  class space    used 18283K, capacity 19745K, committed 19840K, reserved 1048576K
}
Event: 11597.951 GC heap before
{Heap before GC invocations=344 (full 0):
 garbage-first heap   total 270336K, used 227176K [0x0000000080000000, 0x0000000100000000)
  region size 1024K, 74 young (75776K), 4 survivors (4096K)
 Metaspace       used 151949K, capacity 156001K, committed 156288K, reserved 1185792K
  class space    used 18325K, capacity 19774K, committed 19840K, reserved 1048576K
}
Event: 11597.995 GC heap after
{Heap after GC invocations=345 (full 0):
 garbage-first heap   total 270336K, used 155274K [0x0000000080000000, 0x0000000100000000)
  region size 1024K, 4 young (4096K), 4 survivors (4096K)
 Metaspace       used 151949K, capacity 156001K, committed 156288K, reserved 1185792K
  class space    used 18325K, capacity 19774K, committed 19840K, reserved 1048576K
}
Event: 11599.365 GC heap before
{Heap before GC invocations=345 (full 0):
 garbage-first heap   total 270336K, used 163466K [0x0000000080000000, 0x0000000100000000)
  region size 1024K, 13 young (13312K), 4 survivors (4096K)
 Metaspace       used 151961K, capacity 156001K, committed 156288K, reserved 1185792K
  class space    used 18325K, capacity 19774K, committed 19840K, reserved 1048576K
}
Event: 11599.407 GC heap after
{Heap after GC invocations=346 (full 0):
 garbage-first heap   total 270336K, used 151307K [0x0000000080000000, 0x0000000100000000)
  region size 1024K, 2 young (2048K), 2 survivors (2048K)
 Metaspace       used 151961K, capacity 156001K, committed 156288K, reserved 1185792K
  class space    used 18325K, capacity 19774K, committed 19840K, reserved 1048576K
}
Event: 11609.294 GC heap before
{Heap before GC invocations=346 (full 0):
 garbage-first heap   total 270336K, used 227083K [0x0000000080000000, 0x0000000100000000)
  region size 1024K, 76 young (77824K), 2 survivors (2048K)
 Metaspace       used 152108K, capacity 156183K, committed 156288K, reserved 1185792K
  class space    used 18329K, capacity 19809K, committed 19840K, reserved 1048576K
}
Event: 11609.384 GC heap after
{Heap after GC invocations=347 (full 0):
 garbage-first heap   total 270336K, used 154607K [0x0000000080000000, 0x0000000100000000)
  region size 1024K, 6 young (6144K), 6 survivors (6144K)
 Metaspace       used 152108K, capacity 156183K, committed 156288K, reserved 1185792K
  class space    used 18329K, capacity 19809K, committed 19840K, reserved 1048576K
}
Event: 11619.972 GC heap before
{Heap before GC invocations=348 (full 0):
 garbage-first heap   total 270336K, used 228335K [0x0000000080000000, 0x0000000100000000)
  region size 1024K, 78 young (79872K), 6 survivors (6144K)
 Metaspace       used 152131K, capacity 156196K, committed 156288K, reserved 1185792K
  class space    used 18333K, capacity 19813K, committed 19840K, reserved 1048576K
}
Event: 11620.021 GC heap after
{Heap after GC invocations=349 (full 0):
 garbage-first heap   total 270336K, used 155031K [0x0000000080000000, 0x0000000100000000)
  region size 1024K, 5 young (5120K), 5 survivors (5120K)
 Metaspace       used 152131K, capacity 156196K, committed 156288K, reserved 1185792K
  class space    used 18333K, capacity 19813K, committed 19840K, reserved 1048576K
}
Event: 11623.307 GC heap before
{Heap before GC invocations=349 (full 0):
 garbage-first heap   total 270336K, used 163223K [0x0000000080000000, 0x0000000100000000)
  region size 1024K, 13 young (13312K), 5 survivors (5120K)
 Metaspace       used 152287K, capacity 156444K, committed 156672K, reserved 1185792K
  class space    used 18373K, capacity 19877K, committed 19968K, reserved 1048576K
}
Event: 11623.364 GC heap after
{Heap after GC invocations=350 (full 0):
 garbage-first heap   total 270336K, used 154639K [0x0000000080000000, 0x0000000100000000)
  region size 1024K, 1 young (1024K), 1 survivors (1024K)
 Metaspace       used 152287K, capacity 156444K, committed 156672K, reserved 1185792K
  class space    used 18373K, capacity 19877K, committed 19968K, reserved 1048576K
}

Deoptimization events (20 events):
Event: 11623.909 Thread 0x000001d3ba0ee800 DEOPT PACKING pc=0x000001d3a429e057 sp=0x0000001af89f9820
Event: 11623.910 Thread 0x000001d3ba0ee800 DEOPT UNPACKING pc=0x000001d3a0d2a93f sp=0x0000001af89f8dd0 mode 0
Event: 11624.619 Thread 0x000001d3ba0ec000 DEOPT PACKING pc=0x000001d3a4682cbc sp=0x0000001af86fb2b0
Event: 11624.619 Thread 0x000001d3ba0ec000 DEOPT UNPACKING pc=0x000001d3a0d2a93f sp=0x0000001af86fa7c0 mode 0
Event: 11624.887 Thread 0x000001d3ba0ee800 Uncommon trap: trap_request=0xffffff4d fr.pc=0x000001d3a94fa0dc relative=0x000000000000029c
Event: 11624.887 Thread 0x000001d3ba0ee800 Uncommon trap: reason=unstable_if action=reinterpret pc=0x000001d3a94fa0dc method=java.util.ArrayList.equalsArrayList(Ljava/util/ArrayList;)Z @ 85 c2
Event: 11624.887 Thread 0x000001d3ba0ee800 DEOPT PACKING pc=0x000001d3a94fa0dc sp=0x0000001af89f9870
Event: 11624.887 Thread 0x000001d3ba0ee800 DEOPT UNPACKING pc=0x000001d3a0d2a1a9 sp=0x0000001af89f9798 mode 2
Event: 11624.916 Thread 0x000001d3ba0ec000 Uncommon trap: trap_request=0xffffffe4 fr.pc=0x000001d3a999c9e4 relative=0x0000000000000224
Event: 11624.916 Thread 0x000001d3ba0ec000 Uncommon trap: reason=range_check action=make_not_entrant pc=0x000001d3a999c9e4 method=com.android.tools.r8.graph.d1.a(Lcom/android/tools/r8/graph/d1;)I @ 9 c2
Event: 11624.916 Thread 0x000001d3ba0ec000 DEOPT PACKING pc=0x000001d3a999c9e4 sp=0x0000001af86faa80
Event: 11624.916 Thread 0x000001d3ba0ec000 DEOPT UNPACKING pc=0x000001d3a0d2a1a9 sp=0x0000001af86fa9f8 mode 2
Event: 11624.919 Thread 0x000001d3ba0ec000 DEOPT PACKING pc=0x000001d3a48fc7c7 sp=0x0000001af86fa9a0
Event: 11624.919 Thread 0x000001d3ba0ec000 DEOPT UNPACKING pc=0x000001d3a0d2a93f sp=0x0000001af86f9e08 mode 0
Event: 11624.927 Thread 0x000001d3ba0ec000 DEOPT PACKING pc=0x000001d3a48fc7c7 sp=0x0000001af86fa6d0
Event: 11624.927 Thread 0x000001d3ba0ec000 DEOPT UNPACKING pc=0x000001d3a0d2a93f sp=0x0000001af86f9b38 mode 0
Event: 11625.500 Thread 0x000001d3ba0ec000 Uncommon trap: trap_request=0xffffff4d fr.pc=0x000001d3a9204154 relative=0x0000000000000594
Event: 11625.500 Thread 0x000001d3ba0ec000 Uncommon trap: reason=unstable_if action=reinterpret pc=0x000001d3a9204154 method=java.util.TimSort.countRunAndMakeAscending([Ljava/lang/Object;IILjava/util/Comparator;)I @ 27 c2
Event: 11625.500 Thread 0x000001d3ba0ec000 DEOPT PACKING pc=0x000001d3a9204154 sp=0x0000001af86fada0
Event: 11625.500 Thread 0x000001d3ba0ec000 DEOPT UNPACKING pc=0x000001d3a0d2a1a9 sp=0x0000001af86fad50 mode 2

Classes redefined (0 events):
No events

Internal exceptions (20 events):
Event: 11568.965 Thread 0x000001d3ba0ec000 Implicit null exception at 0x000001d3a91b2a0d to 0x000001d3a91b2af8
Event: 11574.943 Thread 0x000001d3ba0ee800 Exception <a 'sun/nio/fs/WindowsException'{0x000000008f45b550}> (0x000000008f45b550) thrown at [./src/hotspot/share/prims/jni.cpp, line 615]
Event: 11577.217 Thread 0x000001d3ba0ec000 Exception <a 'java/lang/NoSuchMethodError'{0x000000008eb585b0}: 'java.lang.Object java.lang.invoke.Invokers$Holder.linkToTargetMethod(java.lang.Object, int, java.lang.Object, java.lang.Object, java.lang.Object, java.lang.Object)'> (0x000000008eb585b0) thrown at [./src/hotspot/share/interpreter/linkResolver.cpp, line 773]
Event: 11577.221 Thread 0x000001d3ba0ec000 Exception <a 'java/lang/NoSuchMethodError'{0x000000008eb653c8}: 'java.lang.Object java.lang.invoke.DirectMethodHandle$Holder.invokeStatic(java.lang.Object, java.lang.Object, java.lang.Object, java.lang.Object, int, java.lang.Object, java.lang.Object)'> (0x000000008eb653c8) thrown at [./src/hotspot/share/interpreter/linkResolver.cpp, line 773]
Event: 11577.224 Thread 0x000001d3ba0ec000 Exception <a 'java/lang/NoSuchMethodError'{0x000000008eb6cec0}: 'java.lang.Object java.lang.invoke.Invokers$Holder.linkToTargetMethod(java.lang.Object, java.lang.Object, java.lang.Object, int, java.lang.Object, java.lang.Object, java.lang.Object)'> (0x000000008eb6cec0) thrown at [./src/hotspot/share/interpreter/linkResolver.cpp, line 773]
Event: 11577.237 Thread 0x000001d3ba0ec000 Exception <a 'java/lang/NoSuchMethodError'{0x000000008eb85cf8}: 'void java.lang.invoke.DirectMethodHandle$Holder.invokeStatic(java.lang.Object, java.lang.Object, java.lang.Object, java.lang.Object, java.lang.Object, java.lang.Object, java.lang.Object, java.lang.Object)'> (0x000000008eb85cf8) thrown at [./src/hotspot/share/interpreter/linkResolver.cpp, line 773]
Event: 11579.370 Thread 0x000001d3ba0ec000 Exception <a 'java/lang/IncompatibleClassChangeError'{0x000000008e14e578}: Found class java.lang.Object, but interface was expected> (0x000000008e14e578) thrown at [./src/hotspot/share/interpreter/linkResolver.cpp, line 839]
Event: 11580.166 Thread 0x000001d3ba0ee800 Exception <a 'java/lang/NoSuchMethodError'{0x000000008ddda8a0}: 'void java.lang.invoke.DirectMethodHandle$Holder.invokeSpecial(java.lang.Object, java.lang.Object, int)'> (0x000000008ddda8a0) thrown at [./src/hotspot/share/interpreter/linkResolver.cpp, line 773]
Event: 11580.654 Thread 0x000001d3ba0ec000 Exception <a 'sun/nio/fs/WindowsException'{0x000000008dc6dc60}> (0x000000008dc6dc60) thrown at [./src/hotspot/share/prims/jni.cpp, line 615]
Event: 11580.664 Thread 0x000001d3ba0ee800 Exception <a 'sun/nio/fs/WindowsException'{0x000000008db06c18}> (0x000000008db06c18) thrown at [./src/hotspot/share/prims/jni.cpp, line 615]
Event: 11581.103 Thread 0x000001d3ba0ee800 Implicit null exception at 0x000001d3a8eaae97 to 0x000001d3a8eab650
Event: 11582.474 Thread 0x000001d3ba0ec000 Exception <a 'sun/nio/fs/WindowsException'{0x000000008d62df50}> (0x000000008d62df50) thrown at [./src/hotspot/share/prims/jni.cpp, line 615]
Event: 11582.870 Thread 0x000001d3ba0ee800 Exception <a 'sun/nio/fs/WindowsException'{0x000000008d426180}> (0x000000008d426180) thrown at [./src/hotspot/share/prims/jni.cpp, line 615]
Event: 11592.002 Thread 0x000001d3ba0ee800 Exception <a 'sun/nio/fs/WindowsException'{0x000000008de39b48}> (0x000000008de39b48) thrown at [./src/hotspot/share/prims/jni.cpp, line 615]
Event: 11592.879 Thread 0x000001d3ba0ec000 Exception <a 'java/lang/NoSuchMethodError'{0x000000008d893a48}: 'java.lang.Object java.lang.invoke.DirectMethodHandle$Holder.invokeSpecial(java.lang.Object, java.lang.Object, java.lang.Object, java.lang.Object, java.lang.Object, java.lang.Object, java.lang.Object, java.lang.Object, java.lang.Object, java.lang.Object, java.lang.Object)'> (0x000000008d893a48) thrown at [./src/hotspot/share/interpreter/linkResolver.cpp, line 773]
Event: 11592.884 Thread 0x000001d3ba0ec000 Exception <a 'java/lang/NoSuchMethodError'{0x000000008d89f3e8}: 'java.lang.Object java.lang.invoke.Invokers$Holder.linkToTargetMethod(java.lang.Object, java.lang.Object, java.lang.Object, java.lang.Object, java.lang.Object, java.lang.Object, java.lang.Object, java.lang.Object, java.lang.Object, java.lang.Object)'> (0x000000008d89f3e8) thrown at [./src/hotspot/share/interpreter/linkResolver.cpp, line 773]
Event: 11593.047 Thread 0x000001d3ba0ec000 Exception <a 'java/lang/IncompatibleClassChangeError'{0x000000008d706320}: Found class java.lang.Object, but interface was expected> (0x000000008d706320) thrown at [./src/hotspot/share/interpreter/linkResolver.cpp, line 839]
Event: 11598.977 Thread 0x000001d3ba0ee800 Exception <a 'sun/nio/fs/WindowsException'{0x00000000901ebbf8}> (0x00000000901ebbf8) thrown at [./src/hotspot/share/prims/jni.cpp, line 615]
Event: 11620.246 Thread 0x000001d3ba0ec000 Implicit null exception at 0x000001d3a99814ef to 0x000001d3a998162c
Event: 11625.890 Thread 0x000001d3ba0ec000 Exception <a 'sun/nio/fs/WindowsException'{0x000000008f666260}> (0x000000008f666260) thrown at [./src/hotspot/share/prims/jni.cpp, line 615]

Events (20 events):
Event: 11625.212 loading class com/android/tools/r8/internal/mV
Event: 11625.212 loading class com/android/tools/r8/internal/mV done
Event: 11625.212 loading class com/android/tools/r8/internal/mV
Event: 11625.212 loading class com/android/tools/r8/internal/mV done
Event: 11625.212 loading class com/android/tools/r8/internal/lV
Event: 11625.212 loading class com/android/tools/r8/internal/lV done
Event: 11625.213 loading class com/android/tools/r8/graph/U$d
Event: 11625.213 loading class com/android/tools/r8/graph/U$d done
Event: 11625.213 loading class com/android/tools/r8/graph/U$d
Event: 11625.213 loading class com/android/tools/r8/graph/U$d done
Event: 11625.214 loading class com/android/tools/r8/graph/U$d
Event: 11625.214 loading class com/android/tools/r8/graph/U$d done
Event: 11625.214 loading class com/android/tools/r8/graph/U$d
Event: 11625.214 loading class com/android/tools/r8/graph/U$d done
Event: 11625.215 loading class com/android/tools/r8/graph/U$d
Event: 11625.215 loading class com/android/tools/r8/graph/U$d done
Event: 11625.215 loading class com/android/tools/r8/graph/U$d
Event: 11625.215 loading class com/android/tools/r8/graph/U$d done
Event: 11625.216 loading class com/android/tools/r8/graph/U$d
Event: 11625.216 loading class com/android/tools/r8/graph/U$d done


Dynamic libraries:
0x00007ff645320000 - 0x00007ff64532a000 	C:\Program Files\Android\Android Studio\jre\bin\java.exe
0x00007ff849c30000 - 0x00007ff849e28000 	C:\WINDOWS\SYSTEM32\ntdll.dll
0x00007ff849b30000 - 0x00007ff849bed000 	C:\WINDOWS\System32\KERNEL32.DLL
0x00007ff847400000 - 0x00007ff8476ce000 	C:\WINDOWS\System32\KERNELBASE.dll
0x00007ff8478b0000 - 0x00007ff8479b0000 	C:\WINDOWS\System32\ucrtbase.dll
0x00007ff840d00000 - 0x00007ff840d19000 	C:\Program Files\Android\Android Studio\jre\bin\jli.dll
0x00007ff849890000 - 0x00007ff849a30000 	C:\WINDOWS\System32\USER32.dll
0x00007ff847880000 - 0x00007ff8478a2000 	C:\WINDOWS\System32\win32u.dll
0x00007ff8493a0000 - 0x00007ff8493ca000 	C:\WINDOWS\System32\GDI32.dll
0x00007ff847ab0000 - 0x00007ff847bbb000 	C:\WINDOWS\System32\gdi32full.dll
0x00007ff847bc0000 - 0x00007ff847c5d000 	C:\WINDOWS\System32\msvcp_win.dll
0x00007ff83e510000 - 0x00007ff83e527000 	C:\Program Files\Android\Android Studio\jre\bin\VCRUNTIME140.dll
0x00007ff839e70000 - 0x00007ff83a10a000 	C:\WINDOWS\WinSxS\amd64_microsoft.windows.common-controls_6595b64144ccf1df_6.0.19041.1110_none_60b5254171f9507e\COMCTL32.dll
0x00007ff848310000 - 0x00007ff8483ae000 	C:\WINDOWS\System32\msvcrt.dll
0x00007ff848f80000 - 0x00007ff848fb0000 	C:\WINDOWS\System32\IMM32.DLL
0x00007ff836690000 - 0x00007ff83672d000 	C:\Program Files\Android\Android Studio\jre\bin\msvcp140.dll
0x00007ff807c30000 - 0x00007ff808715000 	C:\Program Files\Android\Android Studio\jre\bin\server\jvm.dll
0x00007ff8481e0000 - 0x00007ff84828e000 	C:\WINDOWS\System32\ADVAPI32.dll
0x00007ff848e80000 - 0x00007ff848f1c000 	C:\WINDOWS\System32\sechost.dll
0x00007ff849260000 - 0x00007ff849385000 	C:\WINDOWS\System32\RPCRT4.dll
0x00007ff849390000 - 0x00007ff849398000 	C:\WINDOWS\System32\PSAPI.DLL
0x00007ff827b60000 - 0x00007ff827b69000 	C:\WINDOWS\SYSTEM32\WSOCK32.dll
0x00007ff848160000 - 0x00007ff8481cb000 	C:\WINDOWS\System32\WS2_32.dll
0x00007ff83f4e0000 - 0x00007ff83f4ea000 	C:\WINDOWS\SYSTEM32\VERSION.dll
0x00007ff83f4b0000 - 0x00007ff83f4d7000 	C:\WINDOWS\SYSTEM32\WINMM.dll
0x00007ff845250000 - 0x00007ff845262000 	C:\WINDOWS\SYSTEM32\kernel.appcore.dll
0x00007ff827b20000 - 0x00007ff827b31000 	C:\Program Files\Android\Android Studio\jre\bin\verify.dll
0x00007ff834e10000 - 0x00007ff834ff4000 	C:\WINDOWS\SYSTEM32\DBGHELP.DLL
0x00007ff8355a0000 - 0x00007ff8355cc000 	C:\WINDOWS\SYSTEM32\dbgcore.DLL
0x00007ff847a20000 - 0x00007ff847aa2000 	C:\WINDOWS\System32\bcryptPrimitives.dll
0x00007ff827af0000 - 0x00007ff827b19000 	C:\Program Files\Android\Android Studio\jre\bin\java.dll
0x00007ff827ae0000 - 0x00007ff827aeb000 	C:\Program Files\Android\Android Studio\jre\bin\jimage.dll
0x00007ff827ac0000 - 0x00007ff827ad8000 	C:\Program Files\Android\Android Studio\jre\bin\zip.dll
0x00007ff8483b0000 - 0x00007ff848af4000 	C:\WINDOWS\System32\SHELL32.dll
0x00007ff845450000 - 0x00007ff845be4000 	C:\WINDOWS\SYSTEM32\windows.storage.dll
0x00007ff848b20000 - 0x00007ff848e74000 	C:\WINDOWS\System32\combase.dll
0x00007ff846ce0000 - 0x00007ff846d10000 	C:\WINDOWS\SYSTEM32\Wldp.dll
0x00007ff8490d0000 - 0x00007ff84917d000 	C:\WINDOWS\System32\SHCORE.dll
0x00007ff8496b0000 - 0x00007ff849705000 	C:\WINDOWS\System32\shlwapi.dll
0x00007ff847290000 - 0x00007ff8472af000 	C:\WINDOWS\SYSTEM32\profapi.dll
0x00007ff817500000 - 0x00007ff81751a000 	C:\Program Files\Android\Android Studio\jre\bin\net.dll
0x00007ff839c80000 - 0x00007ff839d8a000 	C:\WINDOWS\SYSTEM32\WINHTTP.dll
0x00007ff846a40000 - 0x00007ff846aaa000 	C:\WINDOWS\system32\mswsock.dll
0x00007ff80f920000 - 0x00007ff80f934000 	C:\Program Files\Android\Android Studio\jre\bin\nio.dll
0x00007ff83cc50000 - 0x00007ff83cc77000 	C:\Users\mohit\.gradle\native\e1d6ef7f7dcc3fd88c89a11ec53ec762bb8ba0a96d01ffa2cd45eb1d1d8dd5c5\windows-amd64\native-platform.dll
0x00007ff826e90000 - 0x00007ff826fd4000 	C:\Users\mohit\.gradle\native\5664cfc778a61ccfe75a443a1ab52a65af34e5dc3c78e0209fed803814484fcb\windows-amd64\native-platform-file-events.dll
0x00007ff816f90000 - 0x00007ff816f9a000 	C:\Program Files\Android\Android Studio\jre\bin\management.dll
0x00007ff8162e0000 - 0x00007ff8162ed000 	C:\Program Files\Android\Android Studio\jre\bin\management_ext.dll
0x00007ff846c30000 - 0x00007ff846c48000 	C:\WINDOWS\SYSTEM32\CRYPTSP.dll
0x00007ff8463c0000 - 0x00007ff8463f4000 	C:\WINDOWS\system32\rsaenh.dll
0x00007ff847c60000 - 0x00007ff847c87000 	C:\WINDOWS\System32\bcrypt.dll
0x00007ff847250000 - 0x00007ff84727e000 	C:\WINDOWS\SYSTEM32\USERENV.dll
0x00007ff846c50000 - 0x00007ff846c5c000 	C:\WINDOWS\SYSTEM32\CRYPTBASE.dll
0x00007ff846730000 - 0x00007ff84676b000 	C:\WINDOWS\SYSTEM32\IPHLPAPI.DLL
0x00007ff8481d0000 - 0x00007ff8481d8000 	C:\WINDOWS\System32\NSI.dll
0x00007ff839320000 - 0x00007ff839337000 	C:\WINDOWS\SYSTEM32\dhcpcsvc6.DLL
0x00007ff83a440000 - 0x00007ff83a45d000 	C:\WINDOWS\SYSTEM32\dhcpcsvc.DLL
0x00007ff846780000 - 0x00007ff84684a000 	C:\WINDOWS\SYSTEM32\DNSAPI.dll
0x00007ff80f250000 - 0x00007ff80f277000 	C:\Program Files\Android\Android Studio\jre\bin\sunec.dll
0x00007ff8381c0000 - 0x00007ff8381ca000 	C:\Windows\System32\rasadhlp.dll
0x00007ff838370000 - 0x00007ff8383f0000 	C:\WINDOWS\System32\fwpuclnt.dll
0x00007ff846050000 - 0x00007ff846083000 	C:\WINDOWS\SYSTEM32\ntmarta.dll
0x00007ff80c480000 - 0x00007ff80c625000 	C:\Program Files\Android\Android Studio\jre\bin\awt.dll
0x00007ff849710000 - 0x00007ff8497dd000 	C:\WINDOWS\System32\OLEAUT32.dll
0x00007ff845070000 - 0x00007ff84509f000 	C:\WINDOWS\SYSTEM32\dwmapi.dll
0x00007ff844c70000 - 0x00007ff844d00000 	C:\WINDOWS\SYSTEM32\apphelp.dll
0x00007ff844d70000 - 0x00007ff844e0e000 	C:\WINDOWS\system32\uxtheme.dll

dbghelp: loaded successfully - version: 4.0.5 - missing functions: none
symbol engine: initialized successfully - sym options: 0x614 - pdb path: .;C:\Program Files\Android\Android Studio\jre\bin;C:\WINDOWS\SYSTEM32;C:\WINDOWS\WinSxS\amd64_microsoft.windows.common-controls_6595b64144ccf1df_6.0.19041.1110_none_60b5254171f9507e;C:\Program Files\Android\Android Studio\jre\bin\server;C:\Users\mohit\.gradle\native\e1d6ef7f7dcc3fd88c89a11ec53ec762bb8ba0a96d01ffa2cd45eb1d1d8dd5c5\windows-amd64;C:\Users\mohit\.gradle\native\5664cfc778a61ccfe75a443a1ab52a65af34e5dc3c78e0209fed803814484fcb\windows-amd64

VM Arguments:
jvm_args: --add-opens=java.base/java.util=ALL-UNNAMED --add-opens=java.base/java.lang=ALL-UNNAMED --add-opens=java.base/java.lang.invoke=ALL-UNNAMED --add-opens=java.base/java.util=ALL-UNNAMED --add-opens=java.prefs/java.util.prefs=ALL-UNNAMED --add-opens=java.prefs/java.util.prefs=ALL-UNNAMED --add-opens=java.base/java.nio.charset=ALL-UNNAMED --add-opens=java.base/java.net=ALL-UNNAMED --add-opens=java.base/java.util.concurrent.atomic=ALL-UNNAMED -Xmx2048m -Dfile.encoding=UTF-8 -Duser.country=IN -Duser.language=en -Duser.variant 
java_command: org.gradle.launcher.daemon.bootstrap.GradleDaemon 7.3.3
java_class_path (initial): C:\Users\mohit\.gradle\wrapper\dists\gradle-7.3.3-bin\6a41zxkdtcxs8rphpq6y0069z\gradle-7.3.3\lib\gradle-launcher-7.3.3.jar
Launcher Type: SUN_STANDARD

[Global flags]
     intx CICompilerCount                          = 2                                         {product} {ergonomic}
     uint ConcGCThreads                            = 1                                         {product} {ergonomic}
     uint G1ConcRefinementThreads                  = 2                                         {product} {ergonomic}
   size_t G1HeapRegionSize                         = 1048576                                   {product} {ergonomic}
    uintx GCDrainStackTargetSize                   = 64                                        {product} {ergonomic}
   size_t InitialHeapSize                          = 62914560                                  {product} {ergonomic}
   size_t MarkStackSize                            = 4194304                                   {product} {ergonomic}
   size_t MaxHeapSize                              = 2147483648                                {product} {command line}
   size_t MaxNewSize                               = 1287651328                                {product} {ergonomic}
   size_t MinHeapDeltaBytes                        = 1048576                                   {product} {ergonomic}
    uintx NonNMethodCodeHeapSize                   = 5825164                                {pd product} {ergonomic}
    uintx NonProfiledCodeHeapSize                  = 122916538                              {pd product} {ergonomic}
    uintx ProfiledCodeHeapSize                     = 122916538                              {pd product} {ergonomic}
    uintx ReservedCodeCacheSize                    = 251658240                              {pd product} {ergonomic}
     bool SegmentedCodeCache                       = true                                      {product} {ergonomic}
     bool UseCompressedClassPointers               = true                                 {lp64_product} {ergonomic}
     bool UseCompressedOops                        = true                                 {lp64_product} {ergonomic}
     bool UseG1GC                                  = true                                      {product} {ergonomic}
     bool UseLargePagesIndividualAllocation        = false                                  {pd product} {ergonomic}

Logging:
Log output configuration:
 #0: stdout all=warning uptime,level,tags
 #1: stderr all=off uptime,level,tags

Environment Variables:
JAVA_HOME=C:\Users\mohit\.jdks\openjdk-16.0.1
PATH=C:\WINDOWS\system32;C:\WINDOWS;C:\WINDOWS\System32\Wbem;C:\WINDOWS\System32\WindowsPowerShell\v1.0\;C:\Program Files (x86)\ATI Technologies\ATI.ACE\Core-Static;C:\WINDOWS\System32\OpenSSH\;C:\Users\mohit\.jdks\openjdk-16.0.1\bin;C:\Program Files\Git\cmd;C:\Users\mohit\AppData\Local\Microsoft\WindowsApps;C:\Users\mohit\AppData\Local\Programs\Microsoft VS Code\bin;C:\Program Files (x86)\mingw-w64\i686-8.1.0-posix-dwarf-rt_v6-rev0\mingw32\bin;C:\Program Files\JetBrains\IntelliJ IDEA Community Edition 2022.2\bin;;C:\Program Files (x86)\mingw-w64\i686-8.1.0-posix-dwarf-rt_v6-rev0\mingw32\lib\gcc\i686-w64-mingw32\8.1.0\include\c++;C:\xampp\apache\bin;
USERNAME=mohit
OS=Windows_NT
PROCESSOR_IDENTIFIER=AMD64 Family 20 Model 2 Stepping 0, AuthenticAMD



---------------  S Y S T E M  ---------------

OS: Windows 10 , 64 bit Build 19041 (10.0.19041.1889)
OS uptime: 1 days 20:01 hours

CPU:total 2 (initial active 2) (2 cores per cpu, 1 threads per core) family 20 model 2 stepping 0 microcode 0x0, cmov, cx8, fxsr, mmx, sse, sse2, sse3, ssse3, popcnt, mmxext, lzcnt, sse4a, tsc, tscinvbit, tscinv

Memory: 4k page, system-wide physical 3817M (471M free)
TotalPageFile size 10626M (AvailPageFile size 4M)
current process WorkingSet (physical memory assigned to process): 565M, peak: 578M
current process commit charge ("private bytes"): 683M, peak: 698M

vm_info: OpenJDK 64-Bit Server VM (11.0.12+7-b1504.28-7817840) for windows-amd64 JRE (11.0.12+7-b1504.28-7817840), built on Oct 13 2021 22:12:33 by "builder" with MS VC++ 14.0 (VS2015)

END.
